<?xml version="1.0"?>
<testsuites xmlns:xsi="http://www.w3.org/2001/XMLSchema-instance" xmlns:xsd="http://www.w3.org/2001/XMLSchema" time="0" tests="0" failures="0" disabled="0" errors="0">
  <testsuite name="VS Test result" tests="1907" failures="0" errors="0" time="204.1495387" disabled="0" skipped="1" timestamp="2019-08-02T18:20:13.7385251+00:00" id="00000000-0000-0000-0000-000000000000">
    <properties>
      <property name="IsAborted" value="False" />
      <property name="IsCanceled" value="False" />
    </properties>
    <testcase name="ImportRunner_Always_Disposed" time="0.30857439999999997" classname="ImportUtils.Tests.Models.ImportRunnerTest" status="Passed" />
    <testcase name="DescParagraphLine" time="0.277484" classname="App.Common.Tests.RevsetHelpTests+RevsetHelpTests" status="Passed" />
    <testcase name="DescParagraph" time="0.0080535" classname="App.Common.Tests.RevsetHelpTests+RevsetHelpTests" status="Passed" />
    <testcase name="DescSection" time="0.0357247" classname="App.Common.Tests.RevsetHelpTests+RevsetHelpTests" status="Passed" />
    <testcase name="Help" time="0.0294279" classname="App.Common.Tests.RevsetHelpTests+RevsetHelpTests" status="Passed" />
    <testcase name="Helps" time="0.0040603" classname="App.Common.Tests.RevsetHelpTests+RevsetHelpTests" status="Passed" />
    <testcase name="RevsetParser" time="0.0032264" classname="App.Common.Tests.RevsetHelpTests+RevsetHelpTests" status="Passed" />
    <testcase name="SingleWord" time="0.0647978" classname="App.Search.Tests.ParserTests+ParserTests" status="Passed" />
    <testcase name="SingleAxis" time="0.0133574" classname="App.Search.Tests.ParserTests+ParserTests" status="Passed" />
    <testcase name="ColonInWord" time="0.0018253" classname="App.Search.Tests.ParserTests+ParserTests" status="Passed" />
    <testcase name="EmptyAxisValue" time="0.0038269999999999997" classname="App.Search.Tests.ParserTests+ParserTests" status="Passed" />
    <testcase name="AxisPrefix" time="0.0018778999999999998" classname="App.Search.Tests.ParserTests+ParserTests" status="Passed" />
    <testcase name="MultipleWord" time="0.0045731999999999995" classname="App.Search.Tests.ParserTests+ParserTests" status="Passed" />
    <testcase name="MultipleAxes" time="0.0045322999999999995" classname="App.Search.Tests.ParserTests+ParserTests" status="Passed" />
    <testcase name="AxisAndWord" time="0.0041231" classname="App.Search.Tests.ParserTests+ParserTests" status="Passed" />
    <testcase name="BareStringLiteral" time="0.0038537999999999997" classname="App.Search.Tests.ParserTests+ParserTests" status="Passed" />
    <testcase name="AxisStringLiteral" time="0.0024059" classname="App.Search.Tests.ParserTests+ParserTests" status="Passed" />
    <testcase name="StringLiteralWithQuotes" time="0.0024624" classname="App.Search.Tests.ParserTests+ParserTests" status="Passed" />
    <testcase name="UnterminatedString2" time="0.0024865" classname="App.Search.Tests.ParserTests+ParserTests" status="Passed" />
    <testcase name="LeadingColon" time="0.002336" classname="App.Search.Tests.ParserTests+ParserTests" status="Passed" />
    <testcase name="TrailingColon" time="0.002381" classname="App.Search.Tests.ParserTests+ParserTests" status="Passed" />
    <testcase name="DateAxis" time="0.013014999999999999" classname="App.Search.Tests.ParserTests+ParserTests" status="Passed" />
    <testcase name="DateStartOnly" time="0.0041044" classname="App.Search.Tests.ParserTests+ParserTests" status="Passed" />
    <testcase name="DateEndOnly" time="0.0029923" classname="App.Search.Tests.ParserTests+ParserTests" status="Passed" />
    <testcase name="DateDay" time="0.0038586999999999996" classname="App.Search.Tests.ParserTests+ParserTests" status="Passed" />
    <testcase name="DateAxisWithNumbers" time="0.0053225" classname="App.Search.Tests.ParserTests+ParserTests" status="Passed" />
    <testcase name="DateAxisWithPhrases" time="0.0032887999999999997" classname="App.Search.Tests.ParserTests+ParserTests" status="Passed" />
    <testcase name="FilenameLine" time="0.0055572" classname="App.Search.Tests.ParserTests+ParserTests" status="Passed" />
    <testcase name="FilenameLinePath" time="0.0027438" classname="App.Search.Tests.ParserTests+ParserTests" status="Passed" />
    <testcase name="ChangesetRedirect" time="0.0018405" classname="App.Search.Tests.ParserTests+ParserTests" status="Passed" />
    <testcase name="InvalidAxis" time="0.012758499999999999" classname="App.Search.Tests.ParserTests+ParserTests" status="Passed" />
    <testcase name="DateIsUtc" time="0.1663915" classname="App.Search.Tests.ParserTests+ParserTests" status="Passed" />
    <testcase name="LoadPushesAndReviews_ActivityEventIsNotEmpty_Result" time="2.091583" classname="AutoMockingTests.ActivityEventTest" status="Passed" />
    <testcase name="GetPushProgress_RedisReturnsEmptyString_ReturnsProcessingChangesetMessage" time="0.5392973" classname="AutoMockingTests.ActivityEventTest" status="Passed" />
    <testcase name="GetPushProgress_ValidJSon_SpecificMessage" time="0.6890912" classname="AutoMockingTests.ActivityEventTest" status="Passed" />
    <testcase name="GetPushProgress_ValidJSon_SpecificMessage" time="0.6343459" classname="AutoMockingTests.ActivityEventTest" status="Passed" />
    <testcase name="GetPushProgress_ValidJSon_SpecificMessage" time="0.021726099999999998" classname="AutoMockingTests.ActivityEventTest" status="Passed" />
    <testcase name="GetPushProgress_ValidJSon_SpecificMessage" time="0.0025564" classname="AutoMockingTests.ActivityEventTest" status="Passed" />
    <testcase name="GetPushProgress_ValidJSon_SpecificMessage" time="0.002889" classname="AutoMockingTests.ActivityEventTest" status="Passed" />
    <testcase name="GetPushProgress_ValidJSon_SpecificMessage" time="0.003482" classname="AutoMockingTests.ActivityEventTest" status="Passed" />
    <testcase name="GetPushProgress_ValidJSon_SpecificMessage" time="0.0042344" classname="AutoMockingTests.ActivityEventTest" status="Passed" />
    <testcase name="GetPushProgress_UnknownStep_InvalidOperationException" time="0.0061297" classname="AutoMockingTests.ActivityEventTest" status="Passed" />
    <testcase name="GetPushProgress_NonPushActivity_ThrowsInvalidOperationException" time="0.001584" classname="AutoMockingTests.ActivityEventTest" status="Passed" />
    <testcase name="Constructor_WithCodeReviewAnchorAndUrlHelper_SetsProperyValues" time="0.1394292" classname="App.Common.Tests.ViewModels.AnchorTests" status="Passed" />
    <testcase name="ToCodeReviewAnchor_WithCodeReviewIdAndCodeReviewCommitId_ReturnsCodeReviewAnchor" time="0.017127" classname="App.Common.Tests.ViewModels.AnchorTests" status="Passed" />
    <testcase name="Constructor_WithReviewEventAndHtmlHelperAndUrlHelper_CreatesNewInstance" time="0.40638779999999997" classname="App.Common.Tests.ViewModels.CommentTests" status="Passed" />
    <testcase name="Constructor_WithDeletedReviewEventAndHtmlHelperAndUrlHelper_CreatesNewInstance" time="0.0022914999999999997" classname="App.Common.Tests.ViewModels.CommentTests" status="Passed" />
    <testcase name="SetHtmlFields_WithReviewEventAndHtmlHelper_SetsHtmlFieldsOnComment" time="0.0576022" classname="App.Common.Tests.ViewModels.CommentTests" status="Passed" />
    <testcase name="SetHtmlFields_WithCodeReviewEventAndHtmlHelper_SetsHtmlFieldsOnComment" time="0.0300214" classname="App.Common.Tests.ViewModels.CommentTests" status="Passed" />
    <testcase name="SetHtmlFields_WithCodeReviewEventAndHtmlHelperAndWithoutCommentHeader_SetsHtmlFieldsOnComment" time="0.0135208" classname="App.Common.Tests.ViewModels.CommentTests" status="Passed" />
    <testcase name="oPersonToGroups_Should_ExecuteCorrectly" time="1.156798" classname="App.Common.Tests.ViewModels.ProjectPermissionsModelTests" status="Passed">
      <system-out><![CDATA[

Debug Trace:
System.InvalidCastException: Null object cannot be converted to a value type.
   at System.Convert.ChangeType(Object value, Type conversionType, IFormatProvider provider)
   at System.Convert.ChangeType(Object value, Type conversionType)
   at App.Utils.StringExtensions.TryConvertTo[T](String str) in c:\workspace\tegration-frontend-multi_develop\App.Common\Utils\StringExtensions.cs:line 69
System.InvalidCastException: Null object cannot be converted to a value type.
   at System.Convert.ChangeType(Object value, Type conversionType, IFormatProvider provider)
   at System.Convert.ChangeType(Object value, Type conversionType)
   at App.Utils.StringExtensions.TryConvertTo[T](String str) in c:\workspace\tegration-frontend-multi_develop\App.Common\Utils\StringExtensions.cs:line 69

]]></system-out>
    </testcase>
    <testcase name="oPersons_Should_ExecuteCorrectly" time="0.231323" classname="App.Common.Tests.ViewModels.ProjectPermissionsModelTests" status="Passed" />
    <testcase name="oGroups_Should_ExecuteCorrectly" time="0.0462652" classname="App.Common.Tests.ViewModels.ProjectPermissionsModelTests" status="Passed" />
    <testcase name="permProjectDefault_Should_ExecuteCorrectly" time="0.0098148" classname="App.Common.Tests.ViewModels.ProjectPermissionsModelTests" status="Passed" />
    <testcase name="fPublic_Should_ExecuteCorrectly" time="0.0073856999999999994" classname="App.Common.Tests.ViewModels.ProjectPermissionsModelTests" status="Passed" />
    <testcase name="Nones_Should_ExecuteCorrectly" time="0.0189382" classname="App.Common.Tests.ViewModels.ProjectPermissionsModelTests" status="Passed" />
    <testcase name="Admins_Should_ExecuteCorrectly" time="0.0091193" classname="App.Common.Tests.ViewModels.ProjectPermissionsModelTests" status="Passed" />
    <testcase name="oPersonsForRepoPermissionsModel_Should_ExecuteCorrectly" time="0.1416406" classname="App.Common.Tests.ViewModels.ProjectPermissionsModelTests" status="Passed" />
    <testcase name="oGroupsForRepoPermissionsModel_Should_ExecuteCorrectly" time="0.0363907" classname="App.Common.Tests.ViewModels.ProjectPermissionsModelTests" status="Passed" />
    <testcase name="permRepoDefaultForRepoPermissionsModel_Should_ExecuteCorrectly" time="0.0101117" classname="App.Common.Tests.ViewModels.ProjectPermissionsModelTests" status="Passed" />
    <testcase name="CheckHeads_WhenBackendHeadIdsAndDatabaseHeadIdsAreEmpty_ReturnsGoodEmptyStatus" time="0.0102449" classname="App.Common.Tests.ViewModels.RepoCheckStatusTests" status="Passed" />
    <testcase name="CheckHeads_WhenBackendHeadIdsIsNotEmptyButDatabaseHeadIdsIsEmpty_ReturnsBadRequiresImportStatus" time="0.0035937" classname="App.Common.Tests.ViewModels.RepoCheckStatusTests" status="Passed" />
    <testcase name="CheckHeads_WhenBackendHeadIdsAndDatabaseHeadIdsMatch_ReturnsGoodWithMatchCountMessage" time="0.0059806" classname="App.Common.Tests.ViewModels.RepoCheckStatusTests" status="Passed" />
    <testcase name="CheckHeads_WhenDifferentIdsInBackendAndDatabase_ReturnsBadWithDistinctionMessage" time="0.0204599" classname="App.Common.Tests.ViewModels.RepoCheckStatusTests" status="Passed" />
    <testcase name="CheckDivergence_WhenGitRevisionIdsDoesNotMatchMercurialRevisionIds_ReturnsBadDivergedStatusMessage" time="0.0301804" classname="App.Common.Tests.ViewModels.RepoCheckStatusTests" status="Passed" />
    <testcase name="CheckDivergence_WhenGitRevisionIdsMatchMercurialRevisionIds_ReturnsGoodAlternateIdsMatch" time="0.0046096999999999996" classname="App.Common.Tests.ViewModels.RepoCheckStatusTests" status="Passed" />
    <testcase name="ChecksGet_WhenRepoVcsIsBoth_ReturnsSafeStatusFunctions" time="0.0201474" classname="App.Common.Tests.ViewModels.RepoCheckStatusTests" status="Passed" />
    <testcase name="ChecksGet_WhenRepoVcsIsGit_ReturnsSafeStatusFunctions" time="0.0020212" classname="App.Common.Tests.ViewModels.RepoCheckStatusTests" status="Passed" />
    <testcase name="ChecksGet_WhenRepoVcsIsHg_ReturnsSafeStatusFunctions" time="0.0018049" classname="App.Common.Tests.ViewModels.RepoCheckStatusTests" status="Passed" />
    <testcase name="ChecksGet_WhenRepoVcsIsUnknown_ReturnsEmptyFunctions" time="0.0012335999999999998" classname="App.Common.Tests.ViewModels.RepoCheckStatusTests" status="Passed" />
    <testcase name="CheckProcessingEvents_WhenProcessingEventsIsEmpty_ReturnsGoodNotProcesingMessage" time="0.0041008" classname="App.Common.Tests.ViewModels.RepoCheckStatusTests" status="Passed" />
    <testcase name="CheckProcessingEvents_WhenThereIsProcessingEventsLongerThan6Hours_ReturnsBad" time="0.0287592" classname="App.Common.Tests.ViewModels.RepoCheckStatusTests" status="Passed" />
    <testcase name="CheckProcessingEvents_WhenThereIsProcessingEventsShorterThan6Hours_ReturnsGood" time="0.0042371" classname="App.Common.Tests.ViewModels.RepoCheckStatusTests" status="Passed" />
    <testcase name="Verb_WithReviewerRecipient_ReturnsReviewMessage" time="0.0193166" classname="App.Common.Tests.ViewModels.ReviewEmailTests" status="Passed" />
    <testcase name="Verb_WithAuthorRecipient_ReturnsAuthorMessage" time="0.0044935" classname="App.Common.Tests.ViewModels.ReviewEmailTests" status="Passed" />
    <testcase name="Verb_WithParticipantRecipient_ReturnsParticipiationMessage" time="0.0043679999999999995" classname="App.Common.Tests.ViewModels.ReviewEmailTests" status="Passed" />
    <testcase name="Verb_WithNormalUser_ReturnsSubscriptionMessage" time="0.0022781" classname="App.Common.Tests.ViewModels.ReviewEmailTests" status="Passed" />
    <testcase name="Header_WhenReviewTypeIsNewReview_ReturnsNewReviewMessage" time="0.0059035" classname="App.Common.Tests.ViewModels.ReviewEmailTests" status="Passed" />
    <testcase name="Header_WhenReviewTypeIsChangedChangesets_ReturnsChangesetMessage" time="0.0023284" classname="App.Common.Tests.ViewModels.ReviewEmailTests" status="Passed" />
    <testcase name="Header_WhenReviewTypeIsAddedAsReviewer_ReturnsChangesetMessage" time="0.0027037999999999997" classname="App.Common.Tests.ViewModels.ReviewEmailTests" status="Passed" />
    <testcase name="Header_WhenReviewTypeIsComment_ReturnsChangesetMessage" time="0.0021539" classname="App.Common.Tests.ViewModels.ReviewEmailTests" status="Passed" />
    <testcase name="Header_WhenReviewTypeIsApproved_ReturnsChangesetMessage" time="0.0020466" classname="App.Common.Tests.ViewModels.ReviewEmailTests" status="Passed" />
    <testcase name="Header_WhenReviewTypeIsRejected_ReturnsChangesetMessage" time="0.0021869" classname="App.Common.Tests.ViewModels.ReviewEmailTests" status="Passed" />
    <testcase name="Header_WhenReviewTypeIsNeedsWork_ReturnsChangesetMessage" time="0.0020323999999999997" classname="App.Common.Tests.ViewModels.ReviewEmailTests" status="Passed" />
    <testcase name="Header_WhenReviewTypeIsRetractedApproval_ReturnsChangesetMessage" time="0.0019068" classname="App.Common.Tests.ViewModels.ReviewEmailTests" status="Passed" />
    <testcase name="Header_WhenReviewTypeIsRetractedRejection_ReturnsChangesetMessage" time="0.0021796999999999997" classname="App.Common.Tests.ViewModels.ReviewEmailTests" status="Passed" />
    <testcase name="Header_WhenReviewTypeIsUnknown_ThrowsArgumentOutOfRangeException" time="0.0069822999999999994" classname="App.Common.Tests.ViewModels.ReviewEmailTests" status="Passed" />
    <testcase name="IsDirectory_Should_ExecuteCorrectly" time="0.0045581" classname="App.Common.Tests.ViewModels.SearchResultsTests" status="Passed" />
    <testcase name="Parts_Should_ExecuteCorrectly" time="0.0022603" classname="App.Common.Tests.ViewModels.SearchResultsTests" status="Passed" />
    <testcase name="Name_Should_ExecuteCorrectly" time="0.003214" classname="App.Common.Tests.ViewModels.SearchResultsTests" status="Passed" />
    <testcase name="Url_Should_ExecuteCorrectly" time="0.071553999999999993" classname="App.Common.Tests.ViewModels.SearchResultsTests" status="Passed" />
    <testcase name="ToString_Should_ExecuteCorrectly" time="0.0031018" classname="App.Common.Tests.ViewModels.SearchResultsTests" status="Passed" />
    <testcase name="Constructor_WithHookUrlResponsePayloadAndException_SetsErrorProperties" time="0.0685599" classname="App.Common.Tests.ViewModels.WebHookErrorTests" status="Passed" />
    <testcase name="Constructor_WithPersonWebHookAndHtmlHelper_CreatesInstance" time="0.013807499999999999" classname="App.Common.Tests.ViewModels.WebHooksModelTests" status="Passed" />
    <testcase name="IxGet_WhenCalled_ReturnsWebhookId" time="0.0030746" classname="App.Common.Tests.ViewModels.WebHooksModelTests" status="Passed" />
    <testcase name="SNameGet_WhenCalled_ReturnsWebHookName" time="0.003953" classname="App.Common.Tests.ViewModels.WebHooksModelTests" status="Passed" />
    <testcase name="NTypeGet_WhenCalled_ReturnsWebHookType" time="0.0027456" classname="App.Common.Tests.ViewModels.WebHooksModelTests" status="Passed" />
    <testcase name="STypeGet_WhenCalled_ReturnsWebHookTypeName" time="0.0033734" classname="App.Common.Tests.ViewModels.WebHooksModelTests" status="Passed" />
    <testcase name="HtmlIncludedGet_WhenCalledWithHookForAllRepos_ReturnsAllRepositories" time="0.0037486999999999998" classname="App.Common.Tests.ViewModels.WebHooksModelTests" status="Passed" />
    <testcase name="HtmlIncludedGet_WhenCalledWithIncludedAreasToShow_ReturnsAreaList" time="0.0256832" classname="App.Common.Tests.ViewModels.WebHooksModelTests" status="Passed" />
    <testcase name="MaybeHtmlExcludedGet_WhenCalledWithExcludedAreasToShow_ReturnsAreaList" time="0.0057957999999999994" classname="App.Common.Tests.ViewModels.WebHooksModelTests" status="Passed" />
    <testcase name="FExcludeBranchesGet_WhenCalled_ReturnsWebHookFilterExcludedBranchesProperty" time="0.0122474" classname="App.Common.Tests.ViewModels.WebHooksModelTests" status="Passed" />
    <testcase name="SAuthTokenGet_WhenCalled_ReturnsWebHookSAuthToken" time="0.0036236" classname="App.Common.Tests.ViewModels.WebHooksModelTests" status="Passed" />
    <testcase name="SUsernameGet_WhenCalled_ReturnsWebHookSUsername" time="0.0031658999999999997" classname="App.Common.Tests.ViewModels.WebHooksModelTests" status="Passed" />
    <testcase name="SPasswordGet_WhenCalled_ReturnsWebHookSPassword" time="0.0034032" classname="App.Common.Tests.ViewModels.WebHooksModelTests" status="Passed" />
    <testcase name="SRemoteTargetGet_WhenCalled_ReturnsWebHookSRemoteTarget" time="0.0032776" classname="App.Common.Tests.ViewModels.WebHooksModelTests" status="Passed" />
    <testcase name="SUrlGet_WhenCalled_ReturnsWebHookSUrl" time="0.0033747" classname="App.Common.Tests.ViewModels.WebHooksModelTests" status="Passed" />
    <testcase name="FAllReposGet_WhenCalled_ReturnsWebHookFAllRepos" time="0.0065895999999999993" classname="App.Common.Tests.ViewModels.WebHooksModelTests" status="Passed" />
    <testcase name="RgIxAreaIncludedGet_WhenCalled_ReturnsListOfAreaIds" time="0.0058994999999999994" classname="App.Common.Tests.ViewModels.WebHooksModelTests" status="Passed" />
    <testcase name="RgIxAreaExcludedGet_WhenCalled_ReturnsListOfAreaIds" time="0.0054427" classname="App.Common.Tests.ViewModels.WebHooksModelTests" status="Passed" />
    <testcase name="IsAppEnabledGet_WhenCalled_ReturnsTrue" time="0.0099893" classname="App.Common.Tests.Utils.AppSubscriptionsTests" status="Passed" />
    <testcase name="AppTrialGet_WhenCalled_ReturnsAppTrial" time="0.0058915" classname="App.Common.Tests.Utils.AppSubscriptionsTests" status="Passed" />
    <testcase name="CacheAppSubscriptions_WhenHostedApp_SetsHostedAppSubscriptions" time="0.1682744" classname="App.Common.Tests.Utils.AppSubscriptionsTests" status="Passed" />
    <testcase name="CacheAppSubscriptions_WhenNotHostedApp_SetsHostedAppSubscriptions" time="0.0035286999999999996" classname="App.Common.Tests.Utils.AppSubscriptionsTests" status="Passed" />
    <testcase name="CacheAppSubscriptionsLicensed_WhenCalled_SetsAppEnabledStatus" time="0.0095294" classname="App.Common.Tests.Utils.AppSubscriptionsTests" status="Passed" />
    <testcase name="XSRFFormValue_WithContextAndNullNonce_ReturnsAntiForgeryToken" time="0.029216" classname="App.Common.Tests.Utils.ContextExtensionsTests" status="Passed" />
    <testcase name="AppUser_WithContext_ReturnsRequestUser" time="0.0102769" classname="App.Common.Tests.Utils.ContextExtensionsTests" status="Passed" />
    <testcase name="AppUrlPrefix_WithNullHttpContext_ThrowsArgumentNullException" time="0.0018058" classname="App.Common.Tests.Utils.ContextExtensionsTests" status="Passed" />
    <testcase name="AppUrlPrefix_WithoutSettingAndWithHttpContext_UsesDefaultProductNaming" time="0" classname="App.Common.Tests.Utils.ContextExtensionsTests" status="Skipped">
      <skipped message="---EMPTY---">Yes</skipped>
    </testcase>
    <testcase name="GetResponse_WithUrlAndPostData_ReturnsResponseText" time="0.3777007" classname="App.Common.Tests.Utils.DBFarmTests" status="Passed" />
    <testcase name="DBMaintenance_WhenMinimumAppRequirementIsMissingAndUpgradeNeeded_SyncsFromApp" time="0.0112448" classname="App.Common.Tests.Utils.DbUpgraderTests" status="Passed" />
    <testcase name="VersionCacheSet_WithLong_SetsVersionCache" time="0.0076888999999999994" classname="App.Common.Tests.Utils.DbUpgraderTests" status="Passed" />
    <testcase name="Upgrade_WhenHostedApp_MigratesToLatestVersion" time="0.2413524" classname="App.Common.Tests.Utils.DbUpgraderTests" status="Passed" />
    <testcase name="Upgrade_WhenNotHostedApp_MigratesToLatestVersion" time="0.0029602" classname="App.Common.Tests.Utils.DbUpgraderTests" status="Passed" />
    <testcase name="UpgradeNeededGet_WhenIsDbTooOldReturnsTrue_ReturnsTrue" time="0.00087389999999999994" classname="App.Common.Tests.Utils.DbUpgraderTests" status="Passed" />
    <testcase name="IsDBTooOldGet_WhenDatabaseVersionIsSmallerThanConfigVersion_ReturnsTrue" time="0.0017292" classname="App.Common.Tests.Utils.DbUpgraderTests" status="Passed" />
    <testcase name="DBTooNewGet_WhenDatabaseVersionIsGreaterThanConfigVersion_ReturnsTrue" time="0.0020407999999999997" classname="App.Common.Tests.Utils.DbUpgraderTests" status="Passed" />
    <testcase name="RepoVcsStatus_WithRepo_ReturnsRepoVcsStatus" time="0.0098219" classname="App.Common.Tests.Utils.AppBackendTests" status="Passed" />
    <testcase name="TranslationStatus_WithRepo_ReturnsRepoTranslationStatusDictionary" time="0.112026" classname="App.Common.Tests.Utils.AppBackendTests" status="Passed" />
    <testcase name="LambdaDisposable_Test" time="0.0011028" classname="App.Common.Tests.Utils.LambdaDisposableTests" status="Passed" />
    <testcase name="LambdaDisposable_Dispose_Test" time="0.001527" classname="App.Common.Tests.Utils.LambdaDisposableTests" status="Passed" />
    <testcase name="AddPage_AddSamePageMultipleTimes_PanelAcceptsOnce" time="1.39" classname="Wizard.UI.Tests.WizardPageTest" status="Passed" />
    <testcase name="AdvanceViaKeyboard_FinishButton_ClosesForm" time="0.12" classname="Wizard.UI.Tests.WizardPageTest" status="Passed" />
    <testcase name="AdvanceViaKeyboard_NextButton_SetVisibilitiesCorrectly" time="0.055999999999999994" classname="Wizard.UI.Tests.WizardPageTest" status="Passed" />
    <testcase name="PostMultiPart_WithUrlFormDataAndFiles_CreatesRequestAndPosts" time="0.9310798" classname="App.Common.Tests.Utils.MultiPartUtilTests" status="Passed" />
    <testcase name="AcceptGet_WhenAcceptSet_ReturnsSetValue" time="0.0033902999999999997" classname="App.Common.Tests.Utils.OverlySimplisticHttpRequestTests" status="Passed" />
    <testcase name="ContentTypeGet_WhenContentTypeSet_ReturnsSetValue" time="0.0022786" classname="App.Common.Tests.Utils.OverlySimplisticHttpRequestTests" status="Passed" />
    <testcase name="MethodGet_WhenMethodSet_ReturnsSetValue" time="0.0011767" classname="App.Common.Tests.Utils.OverlySimplisticHttpRequestTests" status="Passed" />
    <testcase name="ContentLengtheGet_WhenContentLengthSet_ReturnsSetValue" time="0.0010627" classname="App.Common.Tests.Utils.OverlySimplisticHttpRequestTests" status="Passed" />
    <testcase name="ChunkedTransferEncodingGet_WhenChunkedTransferEncodingSet_ReturnsSetValue" time="0.0014393" classname="App.Common.Tests.Utils.OverlySimplisticHttpRequestTests" status="Passed" />
    <testcase name="Write_WithByteArray_WritesToStream" time="0.0141338" classname="App.Common.Tests.Utils.OverlySimplisticHttpRequestTests" status="Passed" />
    <testcase name="GetResponse_WhenCalled_ClosesRequestAndReturnsResponse" time="0.0033453" classname="App.Common.Tests.Utils.OverlySimplisticHttpRequestTests" status="Passed" />
    <testcase name="GetStream_WhenCalled_ReturnsStreamField" time="0.0010532999999999999" classname="App.Common.Tests.Utils.OverlySimplisticHttpRequestTests" status="Passed" />
    <testcase name="Dispose_WhenCalled_DisposesStream" time="0.0058078" classname="App.Common.Tests.Utils.OverlySimplisticHttpRequestTests" status="Passed" />
    <testcase name="EnsureRequestStarted_WhenCalled_SetsClientAndStreamFields" time="0.019364199999999998" classname="App.Common.Tests.Utils.OverlySimplisticHttpRequestTests" status="Passed" />
    <testcase name="DisambiguateHeaders_WhenCalled_SetsHeaderDictionaryFromFields" time="0.0036493999999999997" classname="App.Common.Tests.Utils.OverlySimplisticHttpRequestTests" status="Passed" />
    <testcase name="HeaderString_WithKeyAndValueString_ReturnsConcatenatedString" time="0.0012074" classname="App.Common.Tests.Utils.OverlySimplisticHttpRequestTests" status="Passed" />
    <testcase name="WriteLine_WithString_AppendsNewlineCharAndWritesToStream" time="0.0027679" classname="App.Common.Tests.Utils.OverlySimplisticHttpRequestTests" status="Passed" />
    <testcase name="Write_WithString_ConvertsStringAsciiBytesAndWritesToStream" time="0.0125965" classname="App.Common.Tests.Utils.OverlySimplisticHttpRequestTests" status="Passed" />
    <testcase name="GetUrl_NoHttContext_ThrowsInvalidOperationException" time="0.0067231999999999995" classname="App.Common.Tests.Utils.PreferredAppDomainUtilTests" status="Passed" />
    <testcase name="GetUrl_NoHttRequest_ThrowsInvalidOperationException" time="0.0018617999999999998" classname="App.Common.Tests.Utils.PreferredAppDomainUtilTests" status="Passed" />
    <testcase name="GetUrl_WithHttRequestAndPreferrenceInRedis_ShouldReturnPreferredHostnameInUrl" time="0.0090654999999999989" classname="App.Common.Tests.Utils.PreferredAppDomainUtilTests" status="Passed" />
    <testcase name="ResizeToFit_VariousPageSizes_UpdatesPageSizesAndSheetLocation" time="0.081" classname="Wizard.UI.Tests.WizardPageTest" status="Passed" />
    <testcase name="SetButtonText_WizardButtons_CallsPerformClick(Finish,&quot;finishButton&quot;)" time="0.045" classname="Wizard.UI.Tests.WizardPageTest" status="Passed" />
    <testcase name="SetButtonText_WizardButtons_CallsPerformClick(Next,&quot;nextButton&quot;)" time="0.027999999999999997" classname="Wizard.UI.Tests.WizardPageTest" status="Passed" />
    <testcase name="SetButtonText_WizardButtons_CallsPerformClick(Back,&quot;backButton&quot;)" time="0.049999999999999996" classname="Wizard.UI.Tests.WizardPageTest" status="Passed" />
    <testcase name="SetButtonText_WizardButtons_CallsPerformClick(Cancel,&quot;cancelButton&quot;)" time="0.02" classname="Wizard.UI.Tests.WizardPageTest" status="Passed" />
    <testcase name="SetButtonText_WizardButtons_UpdatesButtonText(Finish,&quot;finishButton&quot;)" time="0.052" classname="Wizard.UI.Tests.WizardPageTest" status="Passed" />
    <testcase name="SetButtonText_WizardButtons_UpdatesButtonText(Next,&quot;nextButton&quot;)" time="0.041999999999999996" classname="Wizard.UI.Tests.WizardPageTest" status="Passed" />
    <testcase name="SetButtonText_WizardButtons_UpdatesButtonText(Back,&quot;backButton&quot;)" time="0.039" classname="Wizard.UI.Tests.WizardPageTest" status="Passed" />
    <testcase name="SetButtonText_WizardButtons_UpdatesButtonText(Cancel,&quot;cancelButton&quot;)" time="0.037" classname="Wizard.UI.Tests.WizardPageTest" status="Passed" />
    <testcase name="GetUrl_WithHttRequestAndWithoutPreferrenceInRedis_ShouldCallGetUrl" time="0.0014888" classname="App.Common.Tests.Utils.PreferredAppDomainUtilTests" status="Passed" />
    <testcase name="CacheFrom_WithNullRequest_ThrowsArgumentNullException" time="0.0021695" classname="App.Common.Tests.Utils.PreferredAppDomainUtilTests" status="Passed" />
    <testcase name="CacheFrom_WithUrlReferer_SetCacheItemWithDefaults" time="1.4216948999999999" classname="App.Common.Tests.Utils.PreferredAppDomainUtilTests" status="Passed" />
    <testcase name="SetNextActivePage_ValidPath_SetVisibilitiesCorrectly" time="0.024999999999999998" classname="Wizard.UI.Tests.WizardPageTest" status="Passed" />
    <testcase name="SetWizardButtons_FinishAndNext_UpdatesFinishNextButtons(Next, Finish)" time="0.095" classname="Wizard.UI.Tests.WizardPageTest" status="Passed" />
    <testcase name="SetWizardButtons_FinishAndNext_UpdatesFinishNextButtons(Next)" time="0.019" classname="Wizard.UI.Tests.WizardPageTest" status="Passed" />
    <testcase name="SetWizardButtons_FinishAndNext_UpdatesFinishNextButtons(Finish)" time="0.027999999999999997" classname="Wizard.UI.Tests.WizardPageTest" status="Passed" />
    <testcase name="SetWizardButtons_FinishAndNext_UpdatesFinishNextButtons(Back)" time="0.022" classname="Wizard.UI.Tests.WizardPageTest" status="Passed" />
    <testcase name="SetWizardButtons_WizardButtons_UpdatesButtonsVisibilities(Finish,&quot;finishButton&quot;)" time="0.04" classname="Wizard.UI.Tests.WizardPageTest" status="Passed" />
    <testcase name="SetWizardButtons_WizardButtons_UpdatesButtonsVisibilities(Back,&quot;backButton&quot;)" time="0.049999999999999996" classname="Wizard.UI.Tests.WizardPageTest" status="Passed" />
    <testcase name="SetWizardButtons_WizardButtons_UpdatesButtonsVisibilities(Cancel,&quot;cancelButton&quot;)" time="0.020999999999999998" classname="Wizard.UI.Tests.WizardPageTest" status="Passed" />
    <testcase name="WizardSheetShown_WithPages_SelectsFirstPage" time="0.043" classname="Wizard.UI.Tests.WizardPageTest" status="Passed" />
    <testcase name="FixTrelloAttachmentsFor_WithTokenRepoChangesetAndUrlHelper_ReturnsTrue" time="0.1196361" classname="App.Common.Tests.Utils.TrelloUtilTests" status="Passed" />
    <testcase name="AttachCard_WithRepoChangesetAndCardId_ReturnsTrue" time="0.0161591" classname="App.Common.Tests.Utils.TrelloUtilTests" status="Passed" />
    <testcase name="DetachCard_WithRepoChangesetAndCardId_ReturnsTrue" time="0.0040033" classname="App.Common.Tests.Utils.TrelloUtilTests" status="Passed" />
    <testcase name="SerializePayload_WithWebhookPayload_ReturnsSerializedPayload" time="0.10745099999999999" classname="App.Common.Tests.Utils.WebHookCampfireUtilTests" status="Passed" />
    <testcase name="GetRooms_WhenCalled_ReturnsRoomDictionaryForAccount" time="0.0616283" classname="App.Common.Tests.Utils.WebHookCampfireUtilTests" status="Passed" />
    <testcase name="SerializePayload_WithPayload_ReturnsPayloadJson" time="0.23112749999999999" classname="App.Common.Tests.Utils.WebHookGithubUtilTests" status="Passed" />
    <testcase name="SerializePayload_WithWebhookPayload_ReturnsSerializedPayload" time="0.1248194" classname="App.Common.Tests.Utils.WebHookLighthouseUtilTests" status="Passed" />
    <testcase name="WriteJson_WithWriterObjectAndSerializer_Writes" time="0.049661699999999996" classname="App.Common.Tests.Utils.JsonConverters.WebHookPayloadConverterTests" status="Passed" />
    <testcase name="WriteJsonRepository_WithWriterAndActor_Writes" time="0.0147932" classname="App.Common.Tests.Utils.JsonConverters.WebHookPayloadConverterTests" status="Passed" />
    <testcase name="WriteJsonChangeset_WithWriterRepositoryAndChangeset" time="0.029106499999999997" classname="App.Common.Tests.Utils.JsonConverters.WebHookPayloadConverterTests" status="Passed" />
    <testcase name="InitializeHostedSettings_Should_ExecuteCorrectly" time="0.030482199999999997" classname="App.Common.Tests.Utils.Hosted.HostedAppTests" status="Passed" />
    <testcase name="StaticDomain_IsReleaseFalse_ExecuteCorrectly" time="0.0086897" classname="App.Common.Tests.Utils.Hosted.HostedAppTests" status="Passed" />
    <testcase name="ConnectionString_Should_ExecuteCorrectly" time="0.0059765999999999994" classname="App.Common.Tests.Utils.Hosted.HostedAppTests" status="Passed" />
    <testcase name="ConnectionStringInt_Should_ExecuteCorrectly" time="0.0065175" classname="App.Common.Tests.Utils.Hosted.HostedAppTests" status="Passed" />
    <testcase name="ConnectionStringIntInt_Should_ExecuteCorrectly" time="0.0058715" classname="App.Common.Tests.Utils.Hosted.HostedAppTests" status="Passed" />
    <testcase name="BackendHostOverride_Should_ExecuteCorrectly" time="0.004449" classname="App.Common.Tests.Utils.Hosted.HostedAppTests" status="Passed" />
    <testcase name="IsGenerationMismatched_Should_ExecuteCorrectly" time="0.0024331" classname="App.Common.Tests.Utils.Hosted.HostedAppTests" status="Passed" />
    <testcase name="IsActivationRequest_Should_ExecuteCorrectly" time="0.0053666" classname="App.Common.Tests.Utils.Hosted.HostedAppTests" status="Passed" />
    <testcase name="RedirectToCannotFindAccountResult_Should_ExecuteCorrectly" time="0.0082253" classname="App.Common.Tests.Utils.Hosted.HostedAppTests" status="Passed" />
    <testcase name="RedirectToAccountDisabledResult_Should_ExecuteCorrectly" time="0.0057494999999999994" classname="App.Common.Tests.Utils.Hosted.HostedAppTests" status="Passed" />
    <testcase name="RedirectToUpgradingResult_Should_ExecuteCorrectly" time="0.0042972" classname="App.Common.Tests.Utils.Hosted.HostedAppTests" status="Passed" />
    <testcase name="RedirectToActivateResult_Should_ExecuteCorrectly" time="0.0042598" classname="App.Common.Tests.Utils.Hosted.HostedAppTests" status="Passed" />
    <testcase name="InjectSecurityToken_Should_ExecuteCorrectly" time="0.0058149" classname="App.Common.Tests.Utils.Hosted.HostedAppTests" status="Passed" />
    <testcase name="Detach_Should_ExecuteCorrectly" time="0.0088139" classname="App.Common.Tests.Utils.Hosted.HostedAppTests" status="Passed" />
    <testcase name="Activate_IsAppEnabledFalse_ReturnsFalse" time="0.0040403" classname="App.Common.Tests.Utils.Hosted.HostedAppTests" status="Passed" />
    <testcase name="TestTrueFalse" time="2.8867121" classname="App.Tests.ABTestTest" status="Passed">
      <system-out><![CDATA[Results for 10000 runs (optimal: 5000):
false: 5007
true: 4993

]]></system-out>
    </testcase>
    <testcase name="TestThree" time="1.4091348" classname="App.Tests.ABTestTest" status="Passed">
      <system-out><![CDATA[Results for 10000 runs (optimal: 3333):
a: 3333
b: 3373
c: 3294

]]></system-out>
    </testcase>
    <testcase name="TestTen" time="1.2674341" classname="App.Tests.ABTestTest" status="Passed">
      <system-out><![CDATA[Results for 10000 runs (optimal: 1000):
a: 1064
h: 927
c: 992
j: 957
g: 962
i: 1050
b: 1040
e: 982
f: 1028
d: 998

]]></system-out>
    </testcase>
    <testcase name="GroupMembership_WithUncachedPersonIdList_ReturnsPersonIdPermissionIdDictionary" time="0.5151304" classname="App.Tests.PermissionsTests" status="Passed" />
    <testcase name="GroupMembershipForPeople_WithPersonIdsAndPermissions_ReturnsPersonIdPermissionDictionary" time="0.0458965" classname="App.Tests.PermissionsTests" status="Passed" />
    <testcase name="CalculateProjectPerm_WithNotNullParameters_ReturnsCalculatedPermission" time="0.0371378" classname="App.Tests.PermissionsTests" status="Passed" />
    <testcase name="LoadProjectPermissions_WithPeople_FillsProjectPermCache" time="0.066077799999999992" classname="App.Tests.PermissionsTests" status="Passed" />
    <testcase name="GetProjectPermissions_WithPersonAndProjectId_ReturnsPermissionDictionaryInstance" time="0.025356399999999998" classname="App.Tests.PermissionsTests" status="Passed" />
    <testcase name="AllGroups_WhenCalled_RetrievesAllPrivatePermissionGroups" time="0.0204817" classname="App.Tests.PermissionsTests" status="Passed" />
    <testcase name="CalculateRepoPerm_WithNotNullParametersAndAdminPerson_ReturnsAdminPermission" time="0.0078206" classname="App.Tests.PermissionsTests" status="Passed" />
    <testcase name="CalculateRepoPerm_WithNotNullParametersAndPermissionNone_ReturnsNonePermission" time="0.00086719999999999994" classname="App.Tests.PermissionsTests" status="Passed" />
    <testcase name="CalculateRepoPerm_WithNotNullParametersAndPermissionAdmin_ReturnsAdminPermission" time="0.0011815999999999999" classname="App.Tests.PermissionsTests" status="Passed" />
    <testcase name="CalculateRepoPerm_WithNotNullParametersAndProjectPermissionRead_ReturnsAdminPermission" time="0.013068399999999999" classname="App.Tests.PermissionsTests" status="Passed" />
    <testcase name="LoadRepoPermissions_WithListOfPeople_SetsRepoPermCache" time="0.030622" classname="App.Tests.PermissionsTests" status="Passed" />
    <testcase name="GetRepoPermisson_WithPersonAndIxRepo_ReturnsPermissionDictionary" time="0.060614499999999995" classname="App.Tests.PermissionsTests" status="Passed" />
    <testcase name="DefaultRepoPerms_WhenCalled_ReturnsADictionaryOfDefaultRepoPermissions" time="0.7926305" classname="App.Tests.PermissionsTests" status="Passed" />
    <testcase name="SavePermissions_WithRepoAndRepoPerm_SavesRepoPermissionChanges" time="0.3350342" classname="App.Tests.PermissionsTests" status="Passed" />
    <testcase name="Equals_WithIPersonPermInstanceWithSameixPerson_ReturnsTrue" time="0.0061533" classname="App.Tests.PersonComparerTests" status="Passed" />
    <testcase name="GetHashCode_WithIPersonPermission_ReturnsixPerson" time="0.0068648" classname="App.Tests.PersonComparerTests" status="Passed" />
    <testcase name="DagHistory_When_Ajax_ChangesetList" time="1.4333288" classname="App.Tests.RepoControllerTest" status="Passed" />
    <testcase name="DagHistory_When_Ajax_HistoryDagPartial" time="0.0158617" classname="App.Tests.RepoControllerTest" status="Passed" />
    <testcase name="DagHistory_When_Head" time="0.0119923" classname="App.Tests.RepoControllerTest" status="Passed" />
    <testcase name="DagHistory_When_Heads" time="0.0082306999999999988" classname="App.Tests.RepoControllerTest" status="Passed" />
    <testcase name="DagHistory_When_olderThanChangeset" time="0.0085673" classname="App.Tests.RepoControllerTest" status="Passed" />
    <testcase name="DagHistory_When_newerThanChangeset" time="0.0090307" classname="App.Tests.RepoControllerTest" status="Passed" />
    <testcase name="DagHistory_When_VcsGit" time="0.015285199999999999" classname="App.Tests.RepoControllerTest" status="Passed" />
    <testcase name="DagHistory_When_Unknown" time="0.0093673" classname="App.Tests.RepoControllerTest" status="Passed" />
    <testcase name="DagHistory_When_Revset" time="0.0180219" classname="App.Tests.RepoControllerTest" status="Passed" />
    <testcase name="DagHistory_When_Rev_One" time="0.024111999999999998" classname="App.Tests.RepoControllerTest" status="Passed" />
    <testcase name="DagHistory_When_Rev_Two" time="0.0164899" classname="App.Tests.RepoControllerTest" status="Passed" />
    <testcase name="OnException_When_IsSCMRequest_And_RepoForbiddenException" time="0.034117" classname="App.Tests.RepoControllerTest" status="Passed" />
    <testcase name="OnException_When_IsSCMRequest_And_RepoWorkingStateException" time="0.1128995" classname="App.Tests.RepoControllerTest" status="Passed" />
    <testcase name="OnException_When_IsSCMRequest_And_OutOfMemoryException" time="0.0059961" classname="App.Tests.RepoControllerTest" status="Passed" />
    <testcase name="OnException_When_AppReadOnlyModeException" time="0.0116998" classname="App.Tests.RepoControllerTest" status="Passed" />
    <testcase name="OnException_When_ShowCustomError" time="0.0057646" classname="App.Tests.RepoControllerTest" status="Passed" />
    <testcase name="OnException_When_RepoForbiddenException_And_IsAuth" time="0.01104" classname="App.Tests.RepoControllerTest" status="Passed" />
    <testcase name="OnException_When_RepoForbiddenException" time="0.0086835" classname="App.Tests.RepoControllerTest" status="Passed" />
    <testcase name="OnException_When_BackendException" time="0.0036636" classname="App.Tests.RepoControllerTest" status="Passed" />
    <testcase name="OnException_When_RepoErrorStateException" time="0.0041578" classname="App.Tests.RepoControllerTest" status="Passed" />
    <testcase name="OnException_When_RepoStrippingException" time="0.0075917999999999992" classname="App.Tests.RepoControllerTest" status="Passed" />
    <testcase name="OnException_When_RepoStillCreatingException" time="0.0057605999999999994" classname="App.Tests.RepoControllerTest" status="Passed" />
    <testcase name="OnException_When_FileNotFoundException" time="0.0042353" classname="App.Tests.RepoControllerTest" status="Passed" />
    <testcase name="OnException_When_ChangesetNotFoundException" time="0.0045803" classname="App.Tests.RepoControllerTest" status="Passed" />
    <testcase name="OnException_When_TruncatedFileException" time="0.0821604" classname="App.Tests.RepoControllerTest" status="Passed" />
    <testcase name="Strip_WhenValidationIsTrue_PageRedirectedToStripWaiting" time="0.24971" classname="App.Tests.RepoControllerTest" status="Passed" />
    <testcase name="Strip_WhenIsAppReadOnlyReturnsTrue_PageRedirectedToHome" time="0.073875299999999991" classname="App.Tests.RepoControllerTest" status="Passed" />
    <testcase name="Activate_sError_ReturnsFalse" time="30.0995635" classname="App.Common.Tests.Utils.Hosted.HostedAppTests" status="Passed" />
    <testcase name="Strip_WhenVcsIsNotGitOrHg_PageRedirectedToHome" time="0.0092587" classname="App.Tests.RepoControllerTest" status="Passed" />
    <testcase name="Strip_WhenValidationIsFalse_PageRedirectedToHome" time="0.0214029" classname="App.Tests.RepoControllerTest" status="Passed" />
    <testcase name="Strip_WhenIsStrippableIsFalse_NotSupportedExceptionIsThrown" time="1.0358952" classname="App.Tests.RepoControllerTest" status="Passed">
      <system-out><![CDATA[

Debug Trace:
System.NotSupportedException: Strip is not allowed for Git changeset Dummy
   at App.Utils.AppBackend.Strip(Repo stripped, Repo original, String revision, Vcs changesetVcs) in c:\workspace\tegration-frontend-multi_develop\App.Common\Utils\AppBackend.cs:line 499
   at App.Controllers.RepoController.Strip(String changesetId, Vcs strippedVcs, Func`3 pickName, Repo strippedRepo) in c:\workspace\tegration-frontend-multi_develop\App\Controllers\RepoController.cs:line 1949

]]></system-out>
    </testcase>
    <testcase name="OnActionExecuting_Should_AddHeaderCrossOrigin_With_AppBase" time="0.036892" classname="App.Tests.HttpCorsAttributeTest" status="Passed" />
    <testcase name="OnActionExecuting_Should_AddHeaderCrossOrigin_With_AppBase" time="0.023953099999999998" classname="App.Tests.HttpCorsAttributeTest" status="Passed" />
    <testcase name="OnActionExecuting_Should_AddHeaderCrossOrigin_With_AppBase" time="0.00095449999999999994" classname="App.Tests.HttpCorsAttributeTest" status="Passed" />
    <testcase name="TestBugzidRegex" time="0.0334371" classname="App.Tests.ChangesetAssociationsRegexTests" status="Passed" />
    <testcase name="TestTrelloRegex" time="0.0020747" classname="App.Tests.ChangesetAssociationsRegexTests" status="Passed" />
    <testcase name="TestTrelloShortRegex" time="0.0030402999999999997" classname="App.Tests.ChangesetAssociationsRegexTests" status="Passed" />
    <testcase name="TestAggregateStatus" time="0.1696848" classname="App.Tests.CodeReviewTest" status="Passed" />
    <testcase name="QueryBuilderTest" time="0.53764329999999994" classname="App.Tests.ESQueryTest" status="Passed" />
    <testcase name="TimeSinceTest" time="0.029289" classname="App.Tests.ExtensionsTest" status="Passed" />
    <testcase name="TestFeatureHash" time="3.1834713999999997" classname="App.Tests.FeatureHashTests" status="Passed" />
    <testcase name="TestFeatureSwitch" time="0.77491219999999994" classname="App.Tests.FeatureHashTests" status="Passed" />
    <testcase name="TestEarlyAdopters" time="0.0067147" classname="App.Tests.FeatureHashTests" status="Passed" />
    <testcase name="TestLateAdopters" time="0.022607699999999998" classname="App.Tests.FeatureHashTests" status="Passed" />
    <testcase name="Rasies" time="0.0050866" classname="App.Tests.FeatureHashTests" status="Passed" />
    <testcase name="ThresholdsAreConsistent" time="0.5422397" classname="App.Tests.FeatureHashTests" status="Passed">
      <system-out><![CDATA[account 163939 has threshold 0.0387762906120104
account 84687 has threshold 0.907144474076839
account 57289 has threshold 0.526387709315491
account 0 has threshold 0.630700062874402
account -1 has threshold 0.0341526377094334
percent: 0
	account: 163939	enabled: False	expected: False
	account: 84687	enabled: False	expected: False
	account: 57289	enabled: False	expected: False
	account: 0	enabled: False	expected: False
	account: -1	enabled: False	expected: False
percent: 0.05
	account: 163939	enabled: True	expected: True
	account: 84687	enabled: False	expected: False
	account: 57289	enabled: False	expected: False
	account: 0	enabled: False	expected: False
	account: -1	enabled: True	expected: True
percent: 0.1
	account: 163939	enabled: True	expected: True
	account: 84687	enabled: False	expected: False
	account: 57289	enabled: False	expected: False
	account: 0	enabled: False	expected: False
	account: -1	enabled: True	expected: True
percent: 0.15
	account: 163939	enabled: True	expected: True
	account: 84687	enabled: False	expected: False
	account: 57289	enabled: False	expected: False
	account: 0	enabled: False	expected: False
	account: -1	enabled: True	expected: True
percent: 0.2
	account: 163939	enabled: True	expected: True
	account: 84687	enabled: False	expected: False
	account: 57289	enabled: False	expected: False
	account: 0	enabled: False	expected: False
	account: -1	enabled: True	expected: True
percent: 0.25
	account: 163939	enabled: True	expected: True
	account: 84687	enabled: False	expected: False
	account: 57289	enabled: False	expected: False
	account: 0	enabled: False	expected: False
	account: -1	enabled: True	expected: True
percent: 0.3
	account: 163939	enabled: True	expected: True
	account: 84687	enabled: False	expected: False
	account: 57289	enabled: False	expected: False
	account: 0	enabled: False	expected: False
	account: -1	enabled: True	expected: True
percent: 0.35
	account: 163939	enabled: True	expected: True
	account: 84687	enabled: False	expected: False
	account: 57289	enabled: False	expected: False
	account: 0	enabled: False	expected: False
	account: -1	enabled: True	expected: True
percent: 0.4
	account: 163939	enabled: True	expected: True
	account: 84687	enabled: False	expected: False
	account: 57289	enabled: False	expected: False
	account: 0	enabled: False	expected: False
	account: -1	enabled: True	expected: True
percent: 0.45
	account: 163939	enabled: True	expected: True
	account: 84687	enabled: False	expected: False
	account: 57289	enabled: False	expected: False
	account: 0	enabled: False	expected: False
	account: -1	enabled: True	expected: True
percent: 0.5
	account: 163939	enabled: True	expected: True
	account: 84687	enabled: False	expected: False
	account: 57289	enabled: False	expected: False
	account: 0	enabled: False	expected: False
	account: -1	enabled: True	expected: True
percent: 0.55
	account: 163939	enabled: True	expected: True
	account: 84687	enabled: False	expected: False
	account: 57289	enabled: True	expected: True
	account: 0	enabled: False	expected: False
	account: -1	enabled: True	expected: True
percent: 0.6
	account: 163939	enabled: True	expected: True
	account: 84687	enabled: False	expected: False
	account: 57289	enabled: True	expected: True
	account: 0	enabled: False	expected: False
	account: -1	enabled: True	expected: True
percent: 0.65
	account: 163939	enabled: True	expected: True
	account: 84687	enabled: False	expected: False
	account: 57289	enabled: True	expected: True
	account: 0	enabled: True	expected: True
	account: -1	enabled: True	expected: True
percent: 0.7
	account: 163939	enabled: True	expected: True
	account: 84687	enabled: False	expected: False
	account: 57289	enabled: True	expected: True
	account: 0	enabled: True	expected: True
	account: -1	enabled: True	expected: True
percent: 0.75
	account: 163939	enabled: True	expected: True
	account: 84687	enabled: False	expected: False
	account: 57289	enabled: True	expected: True
	account: 0	enabled: True	expected: True
	account: -1	enabled: True	expected: True
percent: 0.8
	account: 163939	enabled: True	expected: True
	account: 84687	enabled: False	expected: False
	account: 57289	enabled: True	expected: True
	account: 0	enabled: True	expected: True
	account: -1	enabled: True	expected: True
percent: 0.85
	account: 163939	enabled: True	expected: True
	account: 84687	enabled: False	expected: False
	account: 57289	enabled: True	expected: True
	account: 0	enabled: True	expected: True
	account: -1	enabled: True	expected: True
percent: 0.9
	account: 163939	enabled: True	expected: True
	account: 84687	enabled: False	expected: False
	account: 57289	enabled: True	expected: True
	account: 0	enabled: True	expected: True
	account: -1	enabled: True	expected: True
percent: 0.95
	account: 163939	enabled: True	expected: True
	account: 84687	enabled: True	expected: True
	account: 57289	enabled: True	expected: True
	account: 0	enabled: True	expected: True
	account: -1	enabled: True	expected: True

]]></system-out>
    </testcase>
    <testcase name="TenPercent" time="4.7886178" classname="App.Tests.FeatureHashTests" status="Passed" />
    <testcase name="TestFeatures" time="0.0045002" classname="App.Tests.FeatureHashTests" status="Passed" />
    <testcase name="HexEncodeTest" time="0.0028271" classname="App.Tests.FileUtilTest" status="Passed" />
    <testcase name="AsUTF8StringTest" time="0.0234041" classname="App.Tests.FileUtilTest" status="Passed" />
    <testcase name="ToBinary" time="0.0022247" classname="App.Tests.HexTest" status="Passed" />
    <testcase name="TestReplaceIdsWithLinks" time="1.4513703999999998" classname="App.Tests.HtmlExtensionsTest" status="Passed" />
    <testcase name="TestReplaceUrlsWithLinks" time="1.053374" classname="App.Tests.HtmlExtensionsTest" status="Passed" />
    <testcase name="TestDeserializeKeyWithFirstCharacterEscaped" time="0.0725335" classname="App.Tests.JsonTest" status="Passed" />
    <testcase name="CreateAppIgnore" time="0.0031801" classname="App.Tests.AppIgnoreTest" status="Passed" />
    <testcase name="NoRulesAcceptsAll" time="0.0011664" classname="App.Tests.AppIgnoreTest" status="Passed" />
    <testcase name="ParseNothing" time="0.00041309999999999996" classname="App.Tests.AppIgnoreTest" status="Passed" />
    <testcase name="IgnoreCommentsAndBlanks" time="0.0003272" classname="App.Tests.AppIgnoreTest" status="Passed" />
    <testcase name="GetOneRule" time="0.0006624" classname="App.Tests.AppIgnoreTest" status="Passed" />
    <testcase name="Regexps" time="0.0028786999999999997" classname="App.Tests.AppIgnoreTest" status="Passed" />
    <testcase name="GlobTests" time="0.0133796" classname="App.Tests.AppIgnoreTest" status="Passed" />
    <testcase name="SpecifySyntax" time="0.0039480999999999995" classname="App.Tests.AppIgnoreTest" status="Passed" />
    <testcase name="TestAcceptanceAndRejection" time="0.0087414" classname="App.Tests.AppIgnoreTest" status="Passed" />
    <testcase name="TestHeadersWhenZeroLength" time="0.1592102" classname="App.Tests.OverlySimplisticHttpTest" status="Passed" />
    <testcase name="TestHeadersWhenReadSplitsNewlinesUp" time="0.0021698999999999998" classname="App.Tests.OverlySimplisticHttpTest" status="Passed" />
    <testcase name="TestEmailTypes" time="0.3265728" classname="App.Tests.ReviewEmailTest" status="Passed" />
    <testcase name="TestEmailSending" time="0.020764499999999998" classname="App.Tests.ReviewEmailTest" status="Passed" />
    <testcase name="TestToHex" time="0.0125992" classname="App.Tests.StringUtilTest" status="Passed" />
    <testcase name="StringUtil_CallUniqueId_ReturnRandom" time="0.0063617" classname="App.Tests.StringUtilTest" status="Passed" />
    <testcase name="StringUtil_CallHashBytes_ReturnBinary" time="0.0090285" classname="App.Tests.StringUtilTest" status="Passed" />
    <testcase name="StringUtil_CallNybbleValue_ReturnByte" time="0.0339229" classname="App.Tests.StringUtilTest" status="Passed" />
    <testcase name="StringUtil_CallNybbleValue_ReturnByte" time="0.0078171" classname="App.Tests.StringUtilTest" status="Passed" />
    <testcase name="StringUtil_CallNybbleValue_ReturnByte" time="0.0012207" classname="App.Tests.StringUtilTest" status="Passed" />
    <testcase name="StringUtil_CallNybbleValue_ReturnByte" time="0.0010088" classname="App.Tests.StringUtilTest" status="Passed" />
    <testcase name="StringUtil_CallNybbleValue_ReturnByte" time="0.0011148" classname="App.Tests.StringUtilTest" status="Passed" />
    <testcase name="StringUtil_CallNybbleValue_ReturnByte" time="0.0009086" classname="App.Tests.StringUtilTest" status="Passed" />
    <testcase name="StringUtil_CallNybbleValue_ReturnByte" time="0.00090509999999999994" classname="App.Tests.StringUtilTest" status="Passed" />
    <testcase name="StringUtil_CallNybbleValue_ReturnByte" time="0.0009371" classname="App.Tests.StringUtilTest" status="Passed" />
    <testcase name="StringUtil_CallNybbleValue_ReturnByte" time="0.0009189" classname="App.Tests.StringUtilTest" status="Passed" />
    <testcase name="StringUtil_CallNybbleValue_ReturnByte" time="0.0009345" classname="App.Tests.StringUtilTest" status="Passed" />
    <testcase name="StringUtil_CallNybbleValue_ReturnByte" time="0.0010573" classname="App.Tests.StringUtilTest" status="Passed" />
    <testcase name="StringUtil_CallNybbleValue_ReturnByte" time="0.0009728" classname="App.Tests.StringUtilTest" status="Passed" />
    <testcase name="StringUtil_CallNybbleValue_ReturnByte" time="0.0013266999999999999" classname="App.Tests.StringUtilTest" status="Passed" />
    <testcase name="StringUtil_CallNybbleValue_ReturnByte" time="0.0030973" classname="App.Tests.StringUtilTest" status="Passed" />
    <testcase name="StringUtil_CallNybbleValue_ReturnByte" time="0.0011958" classname="App.Tests.StringUtilTest" status="Passed" />
    <testcase name="StringUtil_CallNybbleValue_ReturnByte" time="0.00093129999999999992" classname="App.Tests.StringUtilTest" status="Passed" />
    <testcase name="StringUtil_CallNybbleValue_ReturnByte" time="0.0010645" classname="App.Tests.StringUtilTest" status="Passed" />
    <testcase name="StringUtil_CallNybbleValue_ReturnByte" time="0.0008592" classname="App.Tests.StringUtilTest" status="Passed" />
    <testcase name="StringUtil_CallNybbleValue_ReturnByte" time="0.0009812" classname="App.Tests.StringUtilTest" status="Passed" />
    <testcase name="StringUtil_CallNybbleValue_ReturnByte" time="0.0009603" classname="App.Tests.StringUtilTest" status="Passed" />
    <testcase name="StringUtil_CallNybbleValue_ReturnByte" time="0.0008922" classname="App.Tests.StringUtilTest" status="Passed" />
    <testcase name="StringUtil_CallNybbleValue_ReturnByte" time="0.0012737" classname="App.Tests.StringUtilTest" status="Passed" />
    <testcase name="StringUtil_CallNybbleValue_ReturnByte" time="0.0009358" classname="App.Tests.StringUtilTest" status="Passed" />
    <testcase name="StringUtil_CallToBinary_ReturnBinary" time="0.0024901" classname="App.Tests.StringUtilTest" status="Passed" />
    <testcase name="StringUtil_CallToHex_ReturnEmptyString" time="0.0024865" classname="App.Tests.StringUtilTest" status="Passed" />
    <testcase name="StringUtil_CallToHex_ReturnString" time="0.0024567" classname="App.Tests.StringUtilTest" status="Passed" />
    <testcase name="StringUtil_CallSha1_ReturnBinary" time="0.0037941" classname="App.Tests.StringUtilTest" status="Passed" />
    <testcase name="StringUtil_CallGzip_ReturnByteArray" time="0.0256089" classname="App.Tests.StringUtilTest" status="Passed" />
    <testcase name="StringUtil_CallAbsoluteUrl_MatchRegex_ReturnUrl" time="0.0044788" classname="App.Tests.StringUtilTest" status="Passed" />
    <testcase name="StringUtil_CallAbsoluteUrl_DontMatchRegex_ReturnUrl" time="0.0138952" classname="App.Tests.StringUtilTest" status="Passed" />
    <testcase name="StringUtil_CallAbsoluteUrl_DontMatchRegex_StartsWithSlash_ReturnUrl" time="0.0046022" classname="App.Tests.StringUtilTest" status="Passed" />
    <testcase name="StringUtil_CallAbsoluteUrl_NoHttpContext_ThrowsInvalidOperationException" time="0.0029161" classname="App.Tests.StringUtilTest" status="Passed" />
    <testcase name="StringUtil_CallAbsoluteUrlForPingback_DontMatchRegex_StartsWithSlash_ReturnUrl" time="0.0040786" classname="App.Tests.StringUtilTest" status="Passed" />
    <testcase name="StringUtil_CallAddGetParameter_ReturnUrl" time="0.0076225" classname="App.Tests.StringUtilTest" status="Passed" />
    <testcase name="StringUtil_CallAddGetParameter_ReturnUrl" time="0.0028577999999999998" classname="App.Tests.StringUtilTest" status="Passed" />
    <testcase name="StringUtil_CallAddGetParameter_ReturnUrl" time="0.0016139" classname="App.Tests.StringUtilTest" status="Passed" />
    <testcase name="StringUtil_CallAddGetParameter_ReturnUrl" time="0.0013214" classname="App.Tests.StringUtilTest" status="Passed" />
    <testcase name="StringUtil_CallAddGetParameter_ReturnUrl" time="0.0013067" classname="App.Tests.StringUtilTest" status="Passed" />
    <testcase name="StringUtil_RemoveGetParameter_ReturnUrl" time="0.0399881" classname="App.Tests.StringUtilTest" status="Passed" />
    <testcase name="StringUtil_RemoveGetParameter_ReturnUrl" time="0.0076377" classname="App.Tests.StringUtilTest" status="Passed" />
    <testcase name="StringUtil_RemoveGetParameter_ReturnUrl" time="0.0176466" classname="App.Tests.StringUtilTest" status="Passed" />
    <testcase name="StringUtil_RemoveGetParameter_ReturnUrl" time="0.0104421" classname="App.Tests.StringUtilTest" status="Passed" />
    <testcase name="StringUtil_RemoveGetParameter_ReturnUrl" time="0.0036155999999999996" classname="App.Tests.StringUtilTest" status="Passed" />
    <testcase name="StringUtil_UrlCombine_ReturnUrl" time="0.0084199" classname="App.Tests.StringUtilTest" status="Passed" />
    <testcase name="StringUtil_UrlCombine_ReturnUrl" time="0.0027998999999999997" classname="App.Tests.StringUtilTest" status="Passed" />
    <testcase name="StringUtil_UrlCombine_ReturnUrl" time="0.0022096" classname="App.Tests.StringUtilTest" status="Passed" />
    <testcase name="StringUtil_UrlCombine_ReturnUrl" time="0.0014433" classname="App.Tests.StringUtilTest" status="Passed" />
    <testcase name="StringUtil_UrlCombine_ReturnUrl" time="0.0013418" classname="App.Tests.StringUtilTest" status="Passed" />
    <testcase name="StringUtil_UrlSlug_ReturnUrl" time="0.0208824" classname="App.Tests.StringUtilTest" status="Passed" />
    <testcase name="StringUtil_UrlSlug_ReturnUrl" time="0.0065731" classname="App.Tests.StringUtilTest" status="Passed" />
    <testcase name="StringUtil_UrlSlug_ReturnUrl" time="0.0030942" classname="App.Tests.StringUtilTest" status="Passed" />
    <testcase name="StringUtil_UrlSlug_ReturnUrl" time="0.0029877999999999997" classname="App.Tests.StringUtilTest" status="Passed" />
    <testcase name="StringUtil_UrlSlug_ReturnUrl" time="0.0073474" classname="App.Tests.StringUtilTest" status="Passed" />
    <testcase name="StringUtil_NextIndexedName_ReturnIndexedString" time="0.0095196" classname="App.Tests.StringUtilTest" status="Passed" />
    <testcase name="StringUtil_NextIndexedName_ReturnIndexedString" time="0.0062026999999999994" classname="App.Tests.StringUtilTest" status="Passed" />
    <testcase name="StringUtil_NextIndexedName_ReturnIndexedString" time="0.0029316999999999998" classname="App.Tests.StringUtilTest" status="Passed" />
    <testcase name="StringUtil_ParseIntOrDefault_ReturnInt" time="0.0079787" classname="App.Tests.StringUtilTest" status="Passed" />
    <testcase name="StringUtil_ParseIntOrDefault_ReturnInt" time="0.0064573999999999994" classname="App.Tests.StringUtilTest" status="Passed" />
    <testcase name="StringUtil_ParseIntOrDefault_ReturnInt" time="0.0011713" classname="App.Tests.StringUtilTest" status="Passed" />
    <testcase name="StringUtil_ParseIntOrDefault_SetDefault_ReturnInt" time="0.0037224" classname="App.Tests.StringUtilTest" status="Passed" />
    <testcase name="StringUtil_ParseIntOrDefault_SetDefault_ReturnInt" time="0.0021432" classname="App.Tests.StringUtilTest" status="Passed" />
    <testcase name="StringUtil_ParseIntOrDefault_SetDefault_ReturnInt" time="0.0010787" classname="App.Tests.StringUtilTest" status="Passed" />
    <testcase name="StringUtil_ParseLongOrDefault_SetDefault_ReturnInt" time="0.0092867" classname="App.Tests.StringUtilTest" status="Passed" />
    <testcase name="StringUtil_ParseLongOrDefault_SetDefault_ReturnInt" time="0.0073082" classname="App.Tests.StringUtilTest" status="Passed" />
    <testcase name="StringUtil_ParseLongOrDefault_SetDefault_ReturnInt" time="0.0014736" classname="App.Tests.StringUtilTest" status="Passed" />
    <testcase name="StringUtil_ReplaceFirst_ReturnReplacedValue" time="0.0036609999999999998" classname="App.Tests.StringUtilTest" status="Passed" />
    <testcase name="StringUtil_ReplaceFirst_ReturnReplacedValue" time="0.001942" classname="App.Tests.StringUtilTest" status="Passed" />
    <testcase name="StringUtil_ReplaceFirst_ReturnReplacedValue" time="0.0013775" classname="App.Tests.StringUtilTest" status="Passed" />
    <testcase name="StringUtil_ProcessFileLineForOutput__GivenLine_ReturnReplacedString" time="0.0151756" classname="App.Tests.StringUtilTest" status="Passed" />
    <testcase name="StringUtil_HidePassword_ReturnReplacedString" time="0.0106375" classname="App.Tests.StringUtilTest" status="Passed" />
    <testcase name="StringUtil_HidePassword_ReturnReplacedString" time="0.0027198" classname="App.Tests.StringUtilTest" status="Passed" />
    <testcase name="StringUtil_HidePassword_ReturnReplacedString" time="0.003779" classname="App.Tests.StringUtilTest" status="Passed" />
    <testcase name="StringUtil_HidePassword_ReturnReplacedString" time="0.0036165" classname="App.Tests.StringUtilTest" status="Passed" />
    <testcase name="StringUtil_QueryDataString__GivenDictionary_ReturnParsedString" time="0.010215499999999999" classname="App.Tests.StringUtilTest" status="Passed" />
    <testcase name="StringUtil_QueryDataString_GivenDictionaryWithList_ReturnParsedString" time="0.022180699999999998" classname="App.Tests.StringUtilTest" status="Passed" />
    <testcase name="StringUtil_QueryDataString_GivenNameValueCollection_ReturnParsedString" time="0.0068985999999999995" classname="App.Tests.StringUtilTest" status="Passed" />
    <testcase name="StringDictionaryToStringDictionary" time="0.0022937" classname="App.Tests.ObjectHelperTest" status="Passed" />
    <testcase name="ObjectDictionaryToStringDictionary" time="0.0010952" classname="App.Tests.ObjectHelperTest" status="Passed" />
    <testcase name="AnonymousToStringDictionary" time="0.0014521999999999999" classname="App.Tests.ObjectHelperTest" status="Passed" />
    <testcase name="ObjectDictionaryToObjectDictionary" time="0.0004852" classname="App.Tests.ObjectHelperTest" status="Passed" />
    <testcase name="AnonymousToObjectDictionary" time="0.0005716" classname="App.Tests.ObjectHelperTest" status="Passed" />
    <testcase name="StringDictionaryToObjectDictionary" time="0.0055785" classname="App.Tests.ObjectHelperTest" status="Passed" />
    <testcase name="TestIsHgRequest" time="0.13918429999999998" classname="App.Tests.IsVcsRequestTest" status="Passed" />
    <testcase name="TestIsGitRequest" time="0.0031382999999999997" classname="App.Tests.IsVcsRequestTest" status="Passed" />
    <testcase name="TestIsSCMRequest" time="0.001446" classname="App.Tests.IsVcsRequestTest" status="Passed" />
    <testcase name="GetRequest_WithAnyWebhook_WillNotAllowRedirect" time="0.1408752" classname="App.Tests.WebHookTest" status="Passed" />
    <testcase name="Fire_WithWebhookThatRedirects_NotifyClientAboutRedirect" time="0.06335" classname="App.Tests.WebHookTest" status="Passed" />
    <testcase name="TestWebHookExternalUrlSafety" time="2.3041671999999997" classname="App.Tests.WebHookTest" status="Passed" />
    <testcase name="VcsForRepo_RepoObjectIsNotNullAndAnonymousIsFalse_ReturnsObjectValues" time="0.0477705" classname="App.Tests.Models.PersonTests" status="Passed" />
    <testcase name="VcsForRepo_VcsForTailIsNotNullAndAnonymousIsFalse_ReturnsObjectValues" time="0.0220818" classname="App.Tests.Models.PersonTests" status="Passed" />
    <testcase name="VcsForRepo_VcsForTailIsNotNullAndAnonymousIsFalse_ReturnsObjectValues" time="0.0172731" classname="App.Tests.Models.PersonTests" status="Passed" />
    <testcase name="VcsForRepo_VcsForTailIsNotNullAndAnonymousIsFalse_ReturnsObjectValues" time="0.001771" classname="App.Tests.Models.PersonTests" status="Passed" />
    <testcase name="VcsForRepo_VcsForTailIsNotNullAndAnonymousIsFalse_ReturnsObjectValues" time="0.0023252999999999998" classname="App.Tests.Models.PersonTests" status="Passed" />
    <testcase name="VcsForRepo_QueryCachinggenrateError_ThrowException" time="0.0913751" classname="App.Tests.Models.PersonTests" status="Passed" />
    <testcase name="CanSee_PersonObjectIsNotNull_ReturnsTrueStatus" time="0.058855899999999996" classname="App.Tests.Models.PersonTests" status="Passed" />
    <testcase name="CanSee_PersonObjectIsNotNull_ReturnsTrueStatus" time="0.0471618" classname="App.Tests.Models.PersonTests" status="Passed" />
    <testcase name="CanSee_PersonObjectIsNotNull_ReturnsTrueStatus" time="0.0112225" classname="App.Tests.Models.PersonTests" status="Passed" />
    <testcase name="SetVcsPreferenceForRepo_RepoObjectIsNotNull_UpdateObjectvalue" time="0.0605714" classname="App.Tests.Models.PersonTests" status="Passed" />
    <testcase name="SetVcsPreferenceForRepo_RepoObjectIsNotNull_UpdateObjectvalue" time="0.0335952" classname="App.Tests.Models.PersonTests" status="Passed" />
    <testcase name="SetVcsPreferenceForRepo_RepoObjectIsNotNull_UpdateObjectvalue" time="0.0093629" classname="App.Tests.Models.PersonTests" status="Passed" />
    <testcase name="SetVcsPreferenceForRepo_RepoObjectIsNotNull_UpdateObjectvalue" time="0.0169979" classname="App.Tests.Models.PersonTests" status="Passed" />
    <testcase name="CurrentFilter_AnonymousIsEnabled_ReturnsAnonymousFilterObject" time="0.0124465" classname="App.Tests.Models.PersonTests" status="Passed" />
    <testcase name="CurrentFilter_FilterExist_ReturnsFilterObject" time="0.059525999999999996" classname="App.Tests.Models.PersonTests" status="Passed" />
    <testcase name="CurrentFilter_FilterExist_ReturnsFilterObject" time="0.0225694" classname="App.Tests.Models.PersonTests" status="Passed" />
    <testcase name="CurrentFilter_FilterExist_ReturnsFilterObject" time="0.0364241" classname="App.Tests.Models.PersonTests" status="Passed" />
    <testcase name="AllChangesets_ChangesetsPropertyIsNull_ReturnsObejctValue" time="0.2117316" classname="App.Tests.Models.CodeReviewTests" status="Passed" />
    <testcase name="AdditionalChangesets_ChangesetsPropertyIsNull_ReturnsObejctValue" time="0.0773106" classname="App.Tests.Models.CodeReviewTests" status="Passed" />
    <testcase name="LoadChangesets_CodeReviewObjectIsNotNull_ReturnsObjectValue" time="0.062344199999999995" classname="App.Tests.Models.CodeReviewTests" status="Passed" />
    <testcase name="LastActions_CodeReviewListObjectIsNotNull_ReturnsObjectValue" time="0.053621499999999996" classname="App.Tests.Models.CodeReviewTests" status="Passed" />
    <testcase name="CreateReview_PersonObjectIsNotNull_ReturnsObjectValue" time="0.0220035" classname="App.Tests.Models.CodeReviewTests" status="Passed" />
    <testcase name="LoadChangesetPushes_CodeReviewObjectIsNotNull_ReturnsObjectValue" time="0.1544375" classname="App.Tests.Models.CodeReviewTests" status="Passed" />
    <testcase name="Reset_CodeReviewObjectIsNotNull_ReturnsObjectValue" time="0.11096149999999999" classname="App.Tests.Models.CodeReviewTests" status="Passed" />
    <testcase name="SetReviewerStatus_PersonObjectIsNotNull_UpdateObjectValue" time="0.0329403" classname="App.Tests.Models.CodeReviewTests" status="Passed" />
    <testcase name="SetReviewerStatus_PersonObjectIsNotNull_UpdateObjectValue" time="0.0190927" classname="App.Tests.Models.CodeReviewTests" status="Passed" />
    <testcase name="SetReviewerStatus_PersonObjectIsNotNull_UpdateObjectValue" time="0.013274099999999999" classname="App.Tests.Models.CodeReviewTests" status="Passed" />
    <testcase name="ToRepoVcs_ChangesetObjectIsNotNull_ReturnsObjectValue" time="0.0368916" classname="App.Tests.Models.CodeReviewTests" status="Passed" />
    <testcase name="LoadAuthors_CodeReviewObjectIsNotNull_ReturnsObjectValue" time="0.014053699999999999" classname="App.Tests.Models.CodeReviewTests" status="Passed" />
    <testcase name="LoadReviewers_CodeReviewObjectIsNotNull_RetursObjectValue" time="0.032021799999999996" classname="App.Tests.Models.CodeReviewTests" status="Passed" />
    <testcase name="RemoveChangeset_ChangesetObjectIsNotNull_ReturnsTrueStatus" time="0.0355524" classname="App.Tests.Models.CodeReviewTests" status="Passed" />
    <testcase name="AddComment_CodeReviewCommentObjectIsNotNull_ReturnsObjectValue" time="0.016250399999999998" classname="App.Tests.Models.CodeReviewTests" status="Passed" />
    <testcase name="GetCodeReviews_ReviewsListObjectIsNotNull_ReturnsObjectValue" time="0.0158862" classname="App.Tests.Models.CodeReviewTests" status="Passed" />
    <testcase name="GetCodeReviews_ReviewsListObjectIsNotNull_ReturnsObjectValue" time="0.0112185" classname="App.Tests.Models.CodeReviewTests" status="Passed" />
    <testcase name="GetCodeReviews_ReviewsListObjectIsNotNull_ReturnsObjectValue" time="0.0042214999999999996" classname="App.Tests.Models.CodeReviewTests" status="Passed" />
    <testcase name="LegacyStatuses_IdListIsNotNull_ReturnsObjectValue" time="0.0883997" classname="App.Tests.Models.CodeReviewTests" status="Passed" />
    <testcase name="GetReviewerStatus_PersonObejcetIsNotNull_ReturnsObjectValue" time="0.023731799999999997" classname="App.Tests.Models.CodeReviewTests" status="Passed" />
    <testcase name="GetReviewerStatus_PersonObejcetIsNotNull_ReturnsObjectValue" time="0.0134322" classname="App.Tests.Models.CodeReviewTests" status="Passed" />
    <testcase name="GetReviewerStatus_PersonObejcetIsNotNull_ReturnsObjectValue" time="0.0099166999999999988" classname="App.Tests.Models.CodeReviewTests" status="Passed" />
    <testcase name="EditComment_CodeReviewCommentObjectIsNotNull_ReturnsObjectValue" time="0.0047112" classname="App.Tests.Models.CodeReviewTests" status="Passed" />
    <testcase name="DeleteComment_CodeReviewCommentObjectIsNotNull_ReturnsObjectValue" time="0.0274142" classname="App.Tests.Models.CodeReviewTests" status="Passed" />
    <testcase name="ToRepoVcs_RepoAndChangesetObjectIsNotNull_RetutrnsObjectValue" time="0.049625199999999994" classname="App.Tests.Models.CodeReviewTests" status="Passed" />
    <testcase name="ParticipationFor_AppModelsIsNull_ThrowNullRefrenceException" time="0.032402" classname="App.Tests.Models.CodeReviewTests" status="Passed" />
    <testcase name="RemoveReviewer_PersonObjectIsNotNull_ReturnsObjectValue" time="0.0101215" classname="App.Tests.Models.CodeReviewTests" status="Passed" />
    <testcase name="PermissionFor_ActorObjectIsNotNull_ReturnsObjectValue" time="0.0179418" classname="App.Tests.Models.CodeReviewTests" status="Passed" />
    <testcase name="RecordChangedReviewers_AddedAndRemoveObjectisNotNull_AddCommentObject" time="0.058676099999999995" classname="App.Tests.Models.CodeReviewTests" status="Passed" />
    <testcase name="AssociateApp_RepoObjectIsNotNull_ReturnsTrueStatus" time="0.096280499999999991" classname="App.Tests.Models.ChangesetAssociationsTests" status="Passed" />
    <testcase name="AssociateTrello_RepoAndActorObjectIsNotNull_ReturnsObjectValue" time="0.0753223" classname="App.Tests.Models.ChangesetAssociationsTests" status="Passed" />
    <testcase name="AssociateTrello_RepoAndActorObjectIsNotNull_ReturnsObjectValue" time="0.0384329" classname="App.Tests.Models.ChangesetAssociationsTests" status="Passed" />
    <testcase name="AssociateTrello_RepoAndActorObjectIsNotNull_ReturnsObjectValue" time="0.0364134" classname="App.Tests.Models.ChangesetAssociationsTests" status="Passed" />
    <testcase name="DissociateApp_ForbuzKeyIsNotNull_ReturnsObjectValue" time="0.0167664" classname="App.Tests.Models.ChangesetAssociationsTests" status="Passed" />
    <testcase name="DissociateApp_ForbuzKeyIsNotNull_ReturnsObjectValue" time="0.0147055" classname="App.Tests.Models.ChangesetAssociationsTests" status="Passed" />
    <testcase name="DissociateApp_ForbuzKeyIsNotNull_ReturnsObjectValue" time="0.0017086999999999999" classname="App.Tests.Models.ChangesetAssociationsTests" status="Passed" />
    <testcase name="DissociateReviews_ReviewKeyIsNotNull_ReturnsObjectValue" time="0.0359851" classname="App.Tests.Models.ChangesetAssociationsTests" status="Passed" />
    <testcase name="DissociateReviews_ReviewKeyIsNotNull_ReturnsObjectValue" time="0.0334051" classname="App.Tests.Models.ChangesetAssociationsTests" status="Passed" />
    <testcase name="DissociateReviews_ReviewKeyIsNotNull_ReturnsObjectValue" time="0.0021735" classname="App.Tests.Models.ChangesetAssociationsTests" status="Passed" />
    <testcase name="DissociateTrello_TrelloKeyIsNotNull_ReturnsObjectValue" time="0.0158101" classname="App.Tests.Models.ChangesetAssociationsTests" status="Passed" />
    <testcase name="DissociateTrello_TrelloKeyIsNotNull_ReturnsObjectValue" time="0.0135835" classname="App.Tests.Models.ChangesetAssociationsTests" status="Passed" />
    <testcase name="DissociateTrello_TrelloKeyIsNotNull_ReturnsObjectValue" time="0.0018261999999999998" classname="App.Tests.Models.ChangesetAssociationsTests" status="Passed" />
    <testcase name="ComputeAppAssociations_AppParseIsNotNull_AddFogBuzzItems" time="0.026202299999999998" classname="App.Tests.Models.ChangesetAssociationsTests" status="Passed" />
    <testcase name="AssociateReviews_AddRemovedParameterIsTrue_ReturnsTrueValue" time="0.033373" classname="App.Tests.Models.ChangesetAssociationsTests" status="Passed" />
    <testcase name="ComputeReviewAssociations_BugsAreAlsoReviewsPresent_AddBugsToReview" time="0.15102839999999998" classname="App.Tests.Models.ChangesetAssociationsTests" status="Passed" />
    <testcase name="TrelloChangesetAssociation_ChangesetObjectIsNotNull_ReturnsObjectValue" time="0.0044788" classname="App.Tests.Models.ChangesetAssociationsTests" status="Passed" />
    <testcase name="CreateAssociations_RepoObjectIsNotNull_ReturnsTrueValue" time="0.0053056" classname="App.Tests.Models.ChangesetAssociationsTests" status="Passed" />
    <testcase name="ChangesetAssociations_ParametrizedConstructor_ComputeObjectValue" time="0.0239954" classname="App.Tests.Models.ChangesetAssociationsTests" status="Passed" />
    <testcase name="ChangesetAssociations_ActorIsNotNullAndParametrizedConstructor_ComputeObjectValue" time="0.017212099999999998" classname="App.Tests.Models.ChangesetAssociationsTests" status="Passed" />
    <testcase name="ChangesetAssociations_ParametersAreNull_ComputeObjectValue" time="0.0247233" classname="App.Tests.Models.ChangesetAssociationsTests" status="Passed" />
    <testcase name="ChangesetAssociations_CaseChangesetAssociationIsNull_ThrowException" time="0.0138418" classname="App.Tests.Models.ChangesetAssociationsTests" status="Passed" />
    <testcase name="CopyRestrictionsToDBOnSubmit_FilterObjectIsNotNull_UpdateFilterAllAreaObject" time="0.2834562" classname="App.Tests.Models.FilterTests" status="Passed" />
    <testcase name="UpdateAreaRestrictionsFromForm_FormCollectionObjectIsNotNull_UpdateObjectsValue" time="0.0790563" classname="App.Tests.Models.FilterTests" status="Passed" />
    <testcase name="UpdateAreaRestrictionsFromForm_FormCollectionObjectIsNotNull_UpdateObjectsValue" time="0.0484009" classname="App.Tests.Models.FilterTests" status="Passed" />
    <testcase name="UpdateAreaRestrictionsFromForm_FormCollectionObjectIsNotNull_UpdateObjectsValue" time="0.0301554" classname="App.Tests.Models.FilterTests" status="Passed" />
    <testcase name="NetRepos_AllAreasIsEnabled_ReturnsObjectValue" time="0.09014359999999999" classname="App.Tests.Models.FilterTests" status="Passed" />
    <testcase name="HashString_ObjectIsNotNull_returnsObjectvalue" time="0.0631447" classname="App.Tests.Models.FilterTests" status="Passed" />
    <testcase name="Events_HaveValidLimit_ReturnsObjectValue" time="0.18276579999999998" classname="App.Tests.Models.FilterTests" status="Passed" />
    <testcase name="Filter_QExpressionIsNotNull_ReturnsUpdatedObjectValues" time="0.021250599999999998" classname="App.Tests.Models.FilterForeignKeysTests" status="Passed" />
    <testcase name="ClearForeignKeysCache_ClearObject_SetNullToObject" time="0.0033872" classname="App.Tests.Models.FilterForeignKeysTests" status="Passed" />
    <testcase name="InitializeBranch_WhenCalled_ReturnsInitializes" time="0.0136904" classname="App.Tests.Models.RepoBranchingTests" status="Passed" />
    <testcase name="CopyParentRepoHeads_WhenCalled_ReturnsInserts" time="0.0095062" classname="App.Tests.Models.RepoBranchingTests" status="Passed" />
    <testcase name="CreatePush_WhenCalled_ReturnsPush" time="0.0154089" classname="App.Tests.Models.RepoBranchingTests" status="Passed" />
    <testcase name="IndexChangesetsStep_WhenCalled_ReturnsInteger" time="0.5624366" classname="App.Tests.Models.RepoBranchingTests" status="Passed" />
    <testcase name="IndexParentChangesets_WhenCalled_ReturnsEnqueuesTask" time="0.0037879" classname="App.Tests.Models.RepoBranchingTests" status="Passed" />
    <testcase name="BranchChangesetTags_WhenCalled_Inserts" time="0.0040162999999999996" classname="App.Tests.Models.RepoBranchingTests" status="Passed" />
    <testcase name="BranchChangesetPushes_WhenCalled_InsertsAndEnqueues" time="0.0060278" classname="App.Tests.Models.RepoBranchingTests" status="Passed" />
    <testcase name="EnqueueBranchChangesetPushes_WhenCalled_EnqueuesTask" time="0.0031641" classname="App.Tests.Models.RepoBranchingTests" status="Passed" />
    <testcase name="AllChangesetPushesCopied_WhenCalled_ReturnsBoolean" time="0.0027732" classname="App.Tests.Models.RepoBranchingTests" status="Passed" />
    <testcase name="TestCommonVcs" time="0.0023298" classname="App.Tests.Models.RepoTest" status="Passed" />
    <testcase name="ConvertCaseCheckin_WhenCalled_ReturnsDictionary" time="0.2041789" classname="App.Tests.Utils.CaseCheckinResponseFormatterTests" status="Passed" />
    <testcase name="GetRepoData_WhenCalled_ReturnsDictionary" time="0.0140866" classname="App.Tests.Utils.CaseCheckinResponseFormatterTests" status="Passed" />
    <testcase name="GetReviewers_WhenCalled_ReturnsDictionary" time="0.0169997" classname="App.Tests.Utils.CaseCheckinResponseFormatterTests" status="Passed" />
    <testcase name="HeatUpCache_WhenCalled_SetsUpCaseCheckins" time="0.0191447" classname="App.Tests.Utils.CaseCheckinResponseFormatterTests" status="Passed" />
    <testcase name="GetResponseByDelete_ResponseTypeIsGetAndDataIsOfPrimitiveType_ThrowException" time="0.0380603" classname="App.Tests.Utils.AppBackendTests" status="Passed" />
    <testcase name="GetResponseByDelete_ResponseTypeIsGetAndDataIsOfPrimitiveType_ThrowException" time="0.0163706" classname="App.Tests.Utils.AppBackendTests" status="Passed" />
    <testcase name="GetResponseByDelete_ResponseTypeIsGetAndDataIsOfPrimitiveType_ThrowException" time="0.0077573999999999994" classname="App.Tests.Utils.AppBackendTests" status="Passed" />
[...]
    <testcase name="DefaultPermission_Get_ReturnsExpectedValue" time="0.0028436" classname="App.Common.Tests.Models.RepoTests" status="Passed" />
    <testcase name="Public_Set_ThrowsException" time="0.0019107999999999998" classname="App.Common.Tests.Models.RepoTests" status="Passed" />
    <testcase name="PermissionFor_ActorAsAccessToken_ReturnsExpectedValue" time="0.0029161" classname="App.Common.Tests.Models.RepoTests" status="Passed" />
    <testcase name="PermissionFor_ActorAsPerson_ReturnsExpectedValue" time="0.0016627999999999999" classname="App.Common.Tests.Models.RepoTests" status="Passed" />
    <testcase name="PermissionFor_Default_ReturnsExpectedValue" time="0.0010079" classname="App.Common.Tests.Models.RepoTests" status="Passed" />
    <testcase name="GitUrl_Should_ReturnExpectedUrl" time="0.0083941" classname="App.Common.Tests.Models.RepoTests" status="Passed" />
    <testcase name="CloneUrl_Should_ReturnExpectedUrl" time="0.0112524" classname="App.Common.Tests.Models.RepoTests" status="Passed" />
    <testcase name="GitSshUrl_ReturnExpectedUrl" time="0.0054462999999999994" classname="App.Common.Tests.Models.RepoTests" status="Passed" />
    <testcase name="ClosestCentralAncestor_CentralFalse_ReturnsParentClosestCentralAncestor" time="0.0040875" classname="App.Common.Tests.Models.RepoTests" status="Passed" />
    <testcase name="RecursiveChildren_Should_ReturnRepoList" time="0.011826699999999999" classname="App.Common.Tests.Models.RepoTests" status="Passed" />
    <testcase name="Children_Should_ReturnList" time="0.0099737" classname="App.Common.Tests.Models.RepoTests" status="Passed" />
    <testcase name="LoadChildren_EmptyRepos_ReturnReposList" time="0.0053149999999999994" classname="App.Common.Tests.Models.RepoTests" status="Passed" />
    <testcase name="LoadChildren_Should_FillChildrenList" time="0.049496599999999995" classname="App.Common.Tests.Models.RepoTests" status="Passed" />
    <testcase name="RepoAliases_Get_Test" time="0.0080637" classname="App.Common.Tests.Models.RepoTests" status="Passed" />
    <testcase name="LoadRepoAliases_Should_FillRepoAliasesList" time="0.010082299999999999" classname="App.Common.Tests.Models.RepoTests" status="Passed" />
    <testcase name="GetRepoByAlias_EmptyList_ReturnsNull" time="0.0077177999999999995" classname="App.Common.Tests.Models.RepoTests" status="Passed" />
    <testcase name="GetRepoByAlias_EmptsyList_ReturnsNull" time="0.0069038999999999993" classname="App.Common.Tests.Models.RepoTests" status="Passed" />
    <testcase name="FullName_Get_Test" time="0.0050585" classname="App.Common.Tests.Models.RepoTests" status="Passed" />
    <testcase name="FullNameWithDashes_Get_Test" time="0.0059644999999999993" classname="App.Common.Tests.Models.RepoTests" status="Passed" />
    <testcase name="FilterForCurrentUser_AnonymousPerson_ReturnsAnonymousFilter" time="0.0072254" classname="App.Common.Tests.Models.RepoTests" status="Passed" />
    <testcase name="FilterForCurrentUser_Should_ReturnExpectedFilter" time="0.030261399999999997" classname="App.Common.Tests.Models.RepoTests" status="Passed" />
    <testcase name="PermissionedName_ViewIsAdministrator_ReturnsExpectedValue" time="0.006469" classname="App.Common.Tests.Models.RepoTests" status="Passed" />
    <testcase name="PermissionedName_IsDeleted_ReturnsExpectedValue" time="0.0048942" classname="App.Common.Tests.Models.RepoTests" status="Passed" />
    <testcase name="PermissionedName_PermissionForViewerRead_ReturnsExpectedValue" time="0.0048559" classname="App.Common.Tests.Models.RepoTests" status="Passed" />
    <testcase name="PermissionedName_Should_ReturnsDefaultValue" time="0.0054903999999999994" classname="App.Common.Tests.Models.RepoTests" status="Passed" />
    <testcase name="PermissionedFullName_Should_ReturnExpectedValue" time="0.007789" classname="App.Common.Tests.Models.RepoTests" status="Passed" />
    <testcase name="GroupAndName_Get_Test" time="0.0046181999999999994" classname="App.Common.Tests.Models.RepoTests" status="Passed" />
    <testcase name="GroupAndNameWithDashes_Get_Test" time="0.0041788" classname="App.Common.Tests.Models.RepoTests" status="Passed" />
    <testcase name="PermissionedGroupAndName_Should_ReturnExpectedValue" time="0.0054186999999999994" classname="App.Common.Tests.Models.RepoTests" status="Passed" />
    <testcase name="Files_Should_ReturnExpectedList" time="0.0054788" classname="App.Common.Tests.Models.RepoTests" status="Passed" />
    <testcase name="OutgoingChangesTo_Should_ReturnChangesetList" time="0.0175949" classname="App.Common.Tests.Models.RepoTests" status="Passed" />
    <testcase name="ChangedFiles_EmptyFileList_ReturnsEmptyList" time="0.0048737" classname="App.Common.Tests.Models.RepoTests" status="Passed" />
    <testcase name="ChangedFiles_Shouild_ReturnFilesList" time="0.0212212" classname="App.Common.Tests.Models.RepoTests" status="Passed" />
    <testcase name="RouteValuesGet_WhenRouteValuesSet_ShouldReturnProjectSlugAndGroupSlugAndRepoSlug" time="0.061852199999999996" classname="App.Common.Tests.Models.RepoTests" status="Passed" />
    <testcase name="SlugsGet_WhenRepoSlugsSet_ShouldReturnSlugString" time="0.0033947" classname="App.Common.Tests.Models.RepoTests" status="Passed" />
    <testcase name="MaxRevIdGet_WhenMaxRevChangesetPushHasId_ReturnsMaxRevChangesetPushId" time="0.005579" classname="App.Common.Tests.Models.RepoTests" status="Passed" />
    <testcase name="MaxRevIdOrNull_WhenRepoHasChangesets_ReturnsMaxRevChangesetPushId" time="0.0018996999999999998" classname="App.Common.Tests.Models.RepoTests" status="Passed" />
    <testcase name="MaxReviIdOrNull_WhenRepoDoesntHaveChangesets_ReturnsNull" time="0.0014233" classname="App.Common.Tests.Models.RepoTests" status="Passed" />
    <testcase name="MaxRevChangeset_WhenRepoHasMaxRevChangesetPush_ReturnsFirstChangeset" time="0.0046685" classname="App.Common.Tests.Models.RepoTests" status="Passed" />
    <testcase name="Revset_WithRevsetId_ReturnsRevset" time="0.0064979" classname="App.Common.Tests.Models.RepoTests" status="Passed" />
    <testcase name="Annotation_WithRevisionIdAndBytepath_ReturnsIEnumerableOfAnnotations" time="0.0087511" classname="App.Common.Tests.Models.RepoTests" status="Passed" />
    <testcase name="IsNotADescendant_WithRepoWithoutParent_ReturnsTrue" time="0.0014977" classname="App.Common.Tests.Models.RepoTests" status="Passed" />
    <testcase name="IsNotADescendant_WithCentralRepo_ReturnsTrue" time="0.0021842" classname="App.Common.Tests.Models.RepoTests" status="Passed" />
    <testcase name="IsNotADescendant_WithRepoParent_ReturnsFalse" time="0.0032714" classname="App.Common.Tests.Models.RepoTests" status="Passed" />
    <testcase name="IsNotADescendant_WithGrandParentRepo_ReturnsFalse" time="0.0012282999999999999" classname="App.Common.Tests.Models.RepoTests" status="Passed" />
    <testcase name="GroupAndNameGet_WhenRepoGroupNameIsEmpty_ReturnsRepoName" time="0.0030434999999999998" classname="App.Common.Tests.Models.RepoTests" status="Passed" />
    <testcase name="GroupAndNameGet_WhenRepoGroupNameIsNotEmpty_ReturnsGroupNameAndRepoName" time="0.0034731" classname="App.Common.Tests.Models.RepoTests" status="Passed" />
    <testcase name="GroupAndNameWithDashesGet_WhenRepoGroupNameIsNotEmpty_ReturnsGroupNameAndRepoName" time="0.0022567999999999998" classname="App.Common.Tests.Models.RepoTests" status="Passed" />
    <testcase name="PermissionedGroupAndName_WithPermissonedViewer_ReturnsPermissionedGroupAndName" time="0.003011" classname="App.Common.Tests.Models.RepoTests" status="Passed" />
    <testcase name="Readme_WithChangeset_ReturnsReadmeFile" time="0.007684" classname="App.Common.Tests.Models.RepoTests" status="Passed" />
    <testcase name="MetadataGet_ReturnsRepoMetadata" time="0.0195668" classname="App.Common.Tests.Models.RepoTests" status="Passed" />
    <testcase name="ChangesetChunk_WithRevisionInterval_ReturnsIntervalChangesetChunkRange" time="0.0081260999999999989" classname="App.Common.Tests.Models.RepoTests" status="Passed" />
    <testcase name="BasicInfoRecursive_ReturnsRepoAndChildInfo" time="0.2629864" classname="App.Common.Tests.Models.RepoTests" status="Passed" />
    <testcase name="ChangesetParents_WithMaxReviId_ReturnsChangesetParentLookup" time="0.020659399999999998" classname="App.Common.Tests.Models.RepoTests" status="Passed" />
    <testcase name="ChangesetsFromHeads_WithListOfHeadsAndLimit_ReturnsChangesetGraph" time="0.0118307" classname="App.Common.Tests.Models.RepoTests" status="Passed" />
    <testcase name="HasChangesetsGet_ReturnsChangesetOwnershipState" time="0.0024304" classname="App.Common.Tests.Models.RepoTests" status="Passed" />
    <testcase name="LoadHasChangesets_WithAListOfRepos_ReturnsRepoStates" time="0.006058" classname="App.Common.Tests.Models.RepoTests" status="Passed" />
    <testcase name="RemoveProcessingEvent_WithEventId_ReturnsEventDate" time="0.0137576" classname="App.Common.Tests.Models.RepoTests" status="Passed" />
    <testcase name="ImportAllTags_WithListOfTags_SetRepoTags" time="0.0097551" classname="App.Common.Tests.Models.RepoTests" status="Passed" />
    <testcase name="PostInsertForRepo_Should_ExecuteCorrectly" time="0.0027937" classname="App.Common.Tests.Models.SignalsTests" status="Passed" />
    <testcase name="PostUpdateForRepo_Should_ExecuteCorrectly" time="0.0013392" classname="App.Common.Tests.Models.SignalsTests" status="Passed" />
    <testcase name="PostDelete_Should_ExecuteCorrectly" time="0.0009002" classname="App.Common.Tests.Models.SignalsTests" status="Passed" />
    <testcase name="EnsureNoDuplicateSlugsForRepo_Should_ExecuteCorrectly" time="0.0098655" classname="App.Common.Tests.Models.SignalsTests" status="Passed" />
    <testcase name="PostInsertForRepoGroup_Should_ExecuteCorrectly" time="0.0028832" classname="App.Common.Tests.Models.SignalsTests" status="Passed" />
    <testcase name="PostUpdateForRepoGroup_Should_ExecuteCorrectly" time="0.0010524" classname="App.Common.Tests.Models.SignalsTests" status="Passed" />
    <testcase name="EnsureNoDuplicateSlugsForRepoGroup_Should_ExecuteCorrectly" time="0.0098926999999999991" classname="App.Common.Tests.Models.SignalsTests" status="Passed" />
    <testcase name="PostUpdateForRepoAlias_Should_ExecuteCorrectly" time="0.0028988" classname="App.Common.Tests.Models.SignalsTests" status="Passed" />
    <testcase name="EnsureNoDuplicateSlugsForRepoAlias_fSlugChangedFale_ExecuteCorrectly" time="0.0007519" classname="App.Common.Tests.Models.SignalsTests" status="Passed" />
    <testcase name="EnsureNoDuplicateSlugsForRepoAlias_Should_ExecuteCorrectly" time="0.0115979" classname="App.Common.Tests.Models.SignalsTests" status="Passed" />
    <testcase name="PostInsertForProject_Should_ExecuteCorrectly" time="0.0021236" classname="App.Common.Tests.Models.SignalsTests" status="Passed" />
    <testcase name="PostUpdateForProject_Should_ExecuteCorrectly" time="0.0012942" classname="App.Common.Tests.Models.SignalsTests" status="Passed" />
    <testcase name="EnsureNoDuplicateSlugsForProject_Should_ExecuteCorrectly" time="0.0102043" classname="App.Common.Tests.Models.SignalsTests" status="Passed" />
    <testcase name="PreInsertForProjectPerm_Should_ExecuteCorrectly" time="0.0012546" classname="App.Common.Tests.Models.SignalsTests" status="Passed" />
    <testcase name="PreDeleteForProjectPerm_Should_ExecuteCorrectly" time="0.0012737" classname="App.Common.Tests.Models.SignalsTests" status="Passed" />
    <testcase name="PreUpdateForProjectPerm_Should_ExecuteCorrectly" time="0.0013062" classname="App.Common.Tests.Models.SignalsTests" status="Passed" />
    <testcase name="PreInsertForRepoPerm_Should_ExecuteCorrectly" time="0.0013962" classname="App.Common.Tests.Models.SignalsTests" status="Passed" />
    <testcase name="PreDeleteForRepoPerm_Should_ExecuteCorrectly" time="0.0013966" classname="App.Common.Tests.Models.SignalsTests" status="Passed" />
    <testcase name="PreUpdateForRepoPerm_Should_ExecuteCorrectly" time="0.0014376" classname="App.Common.Tests.Models.SignalsTests" status="Passed" />
    <testcase name="AddKey_ShouldThrowException_WhenMoreThanOneKey" time="0.1695107" classname="App.Common.Tests.Models.SshKeyTests" status="Passed" />
    <testcase name="AddKey_ShouldNotThrowException_WhenCorrectKey" time="0.0389698" classname="App.Common.Tests.Models.SshKeyTests" status="Passed" />
    <testcase name="IsBinary_Test_False" time="0.0008632" classname="App.Common.Tests.Models.DiffTests" status="Passed" />
    <testcase name="HasAddedLines_Test_ThrowsError" time="0.0013423" classname="App.Common.Tests.Models.DiffTests" status="Passed" />
    <testcase name="HasRemovedLines_Test_ThrowsError" time="0.0013239999999999999" classname="App.Common.Tests.Models.DiffTests" status="Passed" />
    <testcase name="MakeSideBySide_CheckTest" time="0.010634" classname="App.Common.Tests.Models.DiffTests" status="Passed" />
    <testcase name="MakeSideBySide_CheckTest" time="0.009236" classname="App.Common.Tests.Models.DiffTests" status="Passed" />
    <testcase name="MakeSideBySide_CheckTest" time="0.0001068" classname="App.Common.Tests.Models.DiffTests" status="Passed" />
    <testcase name="MakeSideBySide_CheckTest" time="0.0001099" classname="App.Common.Tests.Models.DiffTests" status="Passed" />
    <testcase name="MakeSideBySide_CheckTest" time="0.0001126" classname="App.Common.Tests.Models.DiffTests" status="Passed" />
    <testcase name="MakeSideBySide_CheckTest" time="9.21E-05" classname="App.Common.Tests.Models.DiffTests" status="Passed" />
    <testcase name="MakeSideBySide_CheckTest" time="7.07E-05" classname="App.Common.Tests.Models.DiffTests" status="Passed" />
    <testcase name="CanConvert_TestNullType" time="0.0016569999999999998" classname="App.Common.Tests.Models.MetadataDiffTypeConverterTests" status="Passed" />
    <testcase name="ReadJSon_Test_Exception" time="0.0036249" classname="App.Common.Tests.Models.MetadataDiffTypeConverterTests" status="Passed" />
    <testcase name="ReadJSon_Test_InvalidData_Exception" time="0.0013525" classname="App.Common.Tests.Models.MetadataDiffTypeConverterTests" status="Passed" />
    <testcase name="ReadJSon_Test_ActionType" time="0.0022096" classname="App.Common.Tests.Models.MetadataDiffTypeConverterTests" status="Passed" />
    <testcase name="ReadJSon_Test_ActionType" time="0.0012500999999999999" classname="App.Common.Tests.Models.MetadataDiffTypeConverterTests" status="Passed" />
    <testcase name="ReadJSon_Test_ActionType" time="4.85E-05" classname="App.Common.Tests.Models.MetadataDiffTypeConverterTests" status="Passed" />
    <testcase name="ReadJSon_Test_ActionType" time="4.31E-05" classname="App.Common.Tests.Models.MetadataDiffTypeConverterTests" status="Passed" />
    <testcase name="ReadJSon_Test_ActionType" time="4.14E-05" classname="App.Common.Tests.Models.MetadataDiffTypeConverterTests" status="Passed" />
    <testcase name="ReadJSon_Test_ActionType" time="6.67E-05" classname="App.Common.Tests.Models.MetadataDiffTypeConverterTests" status="Passed" />
    <testcase name="WriteSon_Test_Exception" time="0.0013266999999999999" classname="App.Common.Tests.Models.MetadataDiffTypeConverterTests" status="Passed" />
    <testcase name="UserViewedGet_WhenContextViewedChangesetCacheIsEmpty_SetsCacheAndReturns" time="0.0046743" classname="App.Common.Tests.Models.ViewedChangesetTests" status="Passed" />
    <testcase name="HasUserViewedChangeset_WithUserIdAndChangesetIdWhenUserViewedChangeset_ReturnsTrue" time="0.0120244" classname="App.Common.Tests.Models.ViewedChangesetTests" status="Passed" />
    <testcase name="SetUserViewedChangeset_WithPersonIdChangesetIdAndRepoId_SetsViewed" time="0.0068531999999999994" classname="App.Common.Tests.Models.ViewedChangesetTests" status="Passed" />
    <testcase name="ValidateCreatePermissions_WithRepoAndPersonWithInsufficientPermission_ThrowsValidationException" time="0.009545399999999999" classname="App.Common.Tests.Models.Validation.RepoValidatorTests" status="Passed" />
    <testcase name="ValidateCreatePermissions_WithNonCentralRepoAndUser_ThrowsValidationException" time="0.0040327" classname="App.Common.Tests.Models.Validation.RepoValidatorTests" status="Passed" />
    <testcase name="ValidateSUrl_WithHerokuWebHookAndNullValue_ThrowsValidationException" time="0.0066340999999999995" classname="App.Common.Tests.Models.Validation.WebHookValidatorTests" status="Passed" />
    <testcase name="ValidateSUrl_WithAppHarborWebHookAndNullValue_ThrowsValidationException" time="0.0020257" classname="App.Common.Tests.Models.Validation.WebHookValidatorTests" status="Passed" />
    <testcase name="ValidateSUrl_WithAppHarborWebHookAndValueWithoutSlug_ThrowsValidationException" time="0.0035269999999999998" classname="App.Common.Tests.Models.Validation.WebHookValidatorTests" status="Passed" />
    <testcase name="ValidateSUrl_WithAppHarborWebHookAndValueWithoutToken_ThrowsValidationException" time="0.0028742999999999998" classname="App.Common.Tests.Models.Validation.WebHookValidatorTests" status="Passed" />
    <testcase name="ValidateSUrl_WithLighthouseWebHookAndValueWithoutAccountName_ThrowsValidationException" time="0.0088193" classname="App.Common.Tests.Models.Validation.WebHookValidatorTests" status="Passed" />
    <testcase name="ValidateSUrl_WithLighthouseWebHookAndValueWithoutProjectId_ThrowsValidationException" time="0.0036427" classname="App.Common.Tests.Models.Validation.WebHookValidatorTests" status="Passed" />
    <testcase name="ValidateSUrl_WithJacondaWebHookAndNullValue_ThrowsValidationException" time="0.0023289" classname="App.Common.Tests.Models.Validation.WebHookValidatorTests" status="Passed" />
    <testcase name="ValidateSUrl_WithAzureWebHookAndNullValue_ThrowsValidationException" time="0.0024188" classname="App.Common.Tests.Models.Validation.WebHookValidatorTests" status="Passed" />
    <testcase name="ValidateSUrl_WithAzureWebHookAndValueWithoutAccountName_ThrowsValidationException" time="0.0031276" classname="App.Common.Tests.Models.Validation.WebHookValidatorTests" status="Passed" />
    <testcase name="ValidateSUrl_WithAzureWebHookAndValueWithoutUser_ThrowsValidationException" time="0.0028021" classname="App.Common.Tests.Models.Validation.WebHookValidatorTests" status="Passed" />
    <testcase name="ValidateSUrl_WithCampfireWebHookAndNullValue_ThrowsValidationException" time="0.0022099999999999997" classname="App.Common.Tests.Models.Validation.WebHookValidatorTests" status="Passed" />
    <testcase name="ValidateSUrl_WithCampfireWebHookAndValueWithoutAccountName_ThrowsValidationException" time="0.0027225" classname="App.Common.Tests.Models.Validation.WebHookValidatorTests" status="Passed" />
    <testcase name="ValidateSUrl_WithAppVeyorWebHookAndNullValue_ThrowsValidationException" time="0.0020924999999999997" classname="App.Common.Tests.Models.Validation.WebHookValidatorTests" status="Passed" />
    <testcase name="ValidateSUrl_WithAppVeyorWebHookAndInvalidValue_ThrowsValidationException" time="0.0020448" classname="App.Common.Tests.Models.Validation.WebHookValidatorTests" status="Passed" />
    <testcase name="LoadCommonSettings_FailedToOpenFile_ShouldThrowInvalidOperationException" time="0.0053282999999999994" classname="App.Common.Tests.Configuration.ConfigurationHelperTests" status="Passed" />
    <testcase name="LoadCommonSettings_MethodExecuted_ShouldLoadCommonSettings" time="0.0328672" classname="App.Common.Tests.Configuration.ConfigurationHelperTests" status="Passed" />
    <system-out><![CDATA[Information: NUnit Adapter 3.10.0.21: Test execution started
Information: Running all tests in C:\workspace\tegration-frontend-multi_develop\UnitTests\Wizard.UI.Tests\bin\Release\Wizard.UI.Tests.dll
Information: NUnit3TestExecutor converted 21 of 21 NUnit test cases
Information: NUnit Adapter 3.10.0.21: Test execution complete]]></system-out>
  </testsuite>
</testsuites>