<?xml version="1.0" encoding="utf-8"?>
<testsuites>
  <testsuite name="aspnetappDependency.Tests.UnitTest1" 
             hostname="DENIS-LAPTOP" 
             package=".NET Core" 
             id="0"
             tests="2" 
             failures="0" 
             errors="0" 
             skipped="0" 
             time="0.0048471"
             timestamp="2019-06-04T19:19:04">
      <properties />
      <testcase name="PassedTest" classname="aspnetappDependency.Tests.UnitTest1" time="0.0000749" status="passed" />
      <testcase name="TestMethod1" classname="aspnetappDependency.Tests.UnitTest1" time="0.0047722" status="passed"/>
    <system-out />
    <system-err />
  </testsuite>
</testsuites>