<?xml version="1.0" encoding="utf-8"?>
<testsuites time="1.024" tests="12" failures="0">
  <testsuite id="0" name="/d/test-hub/testhub-api/TestsHubUploadEndpoint.Tests/bin/Debug/netcoreapp3.1/TestsHubUploadEndpoint.Tests.dll" tests="12" failures="0" time="1.024">
    <testcase classname="Tests.JUnitReaderTests" name="Test_Read" time="0.3445680" />
    <testcase classname="Tests.JUnitReaderTests" name="Test_ReadFileWithFailure" time="0.0117500" />
    <testcase classname="TestsHubUploadEndpoint.Tests.MapperTest" name="TestCaseStatusMapping(&quot;Passes&quot;,Passed)" time="0.4341900" />
    <testcase classname="TestsHubUploadEndpoint.Tests.MapperTest" name="TestCaseStatusMapping(&quot;PASS&quot;,Passed)" time="0.0286860" />
    <testcase classname="TestsHubUploadEndpoint.Tests.MapperTest" name="TestCaseStatusMapping(&quot;passed&quot;,Passed)" time="0.0262910" />
    <testcase classname="TestsHubUploadEndpoint.Tests.MapperTest" name="TestCaseStatusMapping(&quot;Failed&quot;,Failed)" time="0.0505990" />
    <testcase classname="TestsHubUploadEndpoint.Tests.MapperTest" name="TestCaseStatusMapping(&quot;skipped&quot;,Skipped)" time="0.0343479" />
    <testcase classname="TestsHubUploadEndpoint.Tests.MapperTest" name="TestRunStatusMapping(&quot;Passes&quot;,Passed)" time="0.0210140" />
    <testcase classname="TestsHubUploadEndpoint.Tests.MapperTest" name="TestRunStatusMapping(&quot;PASS&quot;,Passed)" time="0.0176000" />
    <testcase classname="TestsHubUploadEndpoint.Tests.MapperTest" name="TestRunStatusMapping(&quot;passed&quot;,Passed)" time="0.0177510" />
    <testcase classname="TestsHubUploadEndpoint.Tests.MapperTest" name="TestRunStatusMapping(&quot;Failed&quot;,Failed)" time="0.0213720" />
    <testcase classname="TestsHubUploadEndpoint.Tests.MapperTest" name="TestRunStatusMapping(&quot;skipped&quot;,Skipped)" time="0.0157840" />
  </testsuite>
</testsuites>