<?xml version="1.0" encoding="UTF-8"?>
<testsuite name="com.docker.atsea.test.UnitTest" time="0.074" tests="3" errors="0" skipped="0" failures="0">
  <properties>
[...]
</properties>
  <testcase name="whenProductIdIdProvided_theReturnedDescriptionIsIncorrect" classname="com.docker.atsea.test.UnitTest" time="0.041"/>
  <testcase name="whenOrderFindById_theReferenceOrderDoesNotMatch" classname="com.docker.atsea.test.UnitTest" time="0.018"/>
  <testcase name="whenCustomerUserNameIsProvided_theReturnedNameIsCorrect" classname="com.docker.atsea.test.UnitTest" time="0.015"/>
</testsuite>